# JRE version: Java(TM) SE Runtime Environment (8.0_131-b11) (build 1.8.0_131-b11)
# Java VM: Java HotSpot(TM) 64-Bit Server VM (25.131-b11 mixed mode windows-amd64 compressed oops)
Heap:
 PSYoungGen      total 1653760K, used 1405177K [0x0000000715900000, 0x000000077eb80000, 0x00000007c0000000)
  eden space 1626624K, 86% used [0x0000000715900000,0x000000076b53e730,0x0000000778d80000)
  from space 27136K, 0% used [0x000000077d100000,0x000000077d100000,0x000000077eb80000)
  to   space 36864K, 0% used [0x000000077a380000,0x000000077a380000,0x000000077c780000)
 ParOldGen       total 238080K, used 45695K [0x00000005c0a00000, 0x00000005cf280000, 0x0000000715900000)
  object space 238080K, 19% used [0x00000005c0a00000,0x00000005c369fc10,0x00000005cf280000)
 Metaspace       used 68655K, capacity 72282K, committed 72528K, reserved 1112064K
  class space    used 9126K, capacity 9762K, committed 9856K, reserved 1048576K
GC Heap History (10 events):
Event: 4.917 GC heap before
{Heap before GC invocations=7 (full 2):
 PSYoungGen      total 543744K, used 21497K [0x0000000715900000, 0x0000000753200000, 0x00000007c0000000)
  eden space 522240K, 0% used [0x0000000715900000,0x0000000715900000,0x0000000735700000)
  from space 21504K, 99% used [0x0000000735700000,0x0000000736bfe598,0x0000000736c00000)
  to   space 25600K, 0% used [0x0000000751900000,0x0000000751900000,0x0000000753200000)
 ParOldGen       total 146432K, used 7883K [0x00000005c0a00000, 0x00000005c9900000, 0x0000000715900000)
  object space 146432K, 5% used [0x00000005c0a00000,0x00000005c11b2ea0,0x00000005c9900000)
 Metaspace       used 34700K, capacity 35948K, committed 36048K, reserved 1081344K
  class space    used 4567K, capacity 4840K, committed 4864K, reserved 1048576K
Event: 5.059 GC heap after
Heap after GC invocations=7 (full 2):
 PSYoungGen      total 543744K, used 0K [0x0000000715900000, 0x0000000753200000, 0x00000007c0000000)
  eden space 522240K, 0% used [0x0000000715900000,0x0000000715900000,0x0000000735700000)
  from space 21504K, 0% used [0x0000000735700000,0x0000000735700000,0x0000000736c00000)
  to   space 25600K, 0% used [0x0000000751900000,0x0000000751900000,0x0000000753200000)
 ParOldGen       total 192512K, used 28621K [0x00000005c0a00000, 0x00000005cc600000, 0x0000000715900000)
  object space 192512K, 14% used [0x00000005c0a00000,0x00000005c25f35a8,0x00000005cc600000)
 Metaspace       used 34700K, capacity 35948K, committed 36048K, reserved 1081344K
  class space    used 4567K, capacity 4840K, committed 4864K, reserved 1048576K
}
Event: 7.813 GC heap before
{Heap before GC invocations=8 (full 2):
 PSYoungGen      total 543744K, used 522240K [0x0000000715900000, 0x0000000753200000, 0x00000007c0000000)
  eden space 522240K, 100% used [0x0000000715900000,0x0000000735700000,0x0000000735700000)
  from space 21504K, 0% used [0x0000000735700000,0x0000000735700000,0x0000000736c00000)
  to   space 25600K, 0% used [0x0000000751900000,0x0000000751900000,0x0000000753200000)
 ParOldGen       total 192512K, used 28621K [0x00000005c0a00000, 0x00000005cc600000, 0x0000000715900000)
  object space 192512K, 14% used [0x00000005c0a00000,0x00000005c25f35a8,0x00000005cc600000)
 Metaspace       used 47838K, capacity 49938K, committed 50128K, reserved 1093632K
  class space    used 6137K, capacity 6539K, committed 6656K, reserved 1048576K
Event: 7.829 GC heap after
Heap after GC invocations=8 (full 2):
 PSYoungGen      total 964096K, used 20417K [0x0000000715900000, 0x0000000752d00000, 0x00000007c0000000)
  eden space 943616K, 0% used [0x0000000715900000,0x0000000715900000,0x000000074f280000)
  from space 20480K, 99% used [0x0000000751900000,0x0000000752cf0538,0x0000000752d00000)
  to   space 27648K, 0% used [0x000000074f700000,0x000000074f700000,0x0000000751200000)
 ParOldGen       total 192512K, used 28629K [0x00000005c0a00000, 0x00000005cc600000, 0x0000000715900000)
  object space 192512K, 14% used [0x00000005c0a00000,0x00000005c25f55a8,0x00000005cc600000)
 Metaspace       used 47838K, capacity 49938K, committed 50128K, reserved 1093632K
  class space    used 6137K, capacity 6539K, committed 6656K, reserved 1048576K
}
Event: 11.611 GC heap before
{Heap before GC invocations=9 (full 2):
 PSYoungGen      total 964096K, used 964033K [0x0000000715900000, 0x0000000752d00000, 0x00000007c0000000)
  eden space 943616K, 100% used [0x0000000715900000,0x000000074f280000,0x000000074f280000)
  from space 20480K, 99% used [0x0000000751900000,0x0000000752cf0538,0x0000000752d00000)
  to   space 27648K, 0% used [0x000000074f700000,0x000000074f700000,0x0000000751200000)
 ParOldGen       total 192512K, used 28629K [0x00000005c0a00000, 0x00000005cc600000, 0x0000000715900000)
  object space 192512K, 14% used [0x00000005c0a00000,0x00000005c25f55a8,0x00000005cc600000)
 Metaspace       used 56585K, capacity 59388K, committed 59728K, reserved 1101824K
  class space    used 7457K, capacity 7981K, committed 8064K, reserved 1048576K
Event: 11.633 GC heap after
Heap after GC invocations=9 (full 2):
 PSYoungGen      total 975872K, used 27619K [0x0000000715900000, 0x000000077f300000, 0x00000007c0000000)
  eden space 948224K, 0% used [0x0000000715900000,0x0000000715900000,0x000000074f700000)
  from space 27648K, 99% used [0x000000074f700000,0x00000007511f8ce0,0x0000000751200000)
  to   space 34816K, 0% used [0x000000077d100000,0x000000077d100000,0x000000077f300000)
 ParOldGen       total 192512K, used 34007K [0x00000005c0a00000, 0x00000005cc600000, 0x0000000715900000)
  object space 192512K, 17% used [0x00000005c0a00000,0x00000005c2b35f58,0x00000005cc600000)
 Metaspace       used 56585K, capacity 59388K, committed 59728K, reserved 1101824K
  class space    used 7457K, capacity 7981K, committed 8064K, reserved 1048576K
}
Event: 12.677 GC heap before
{Heap before GC invocations=10 (full 2):
 PSYoungGen      total 975872K, used 340252K [0x0000000715900000, 0x000000077f300000, 0x00000007c0000000)
  eden space 948224K, 32% used [0x0000000715900000,0x0000000728a4e4b0,0x000000074f700000)
  from space 27648K, 99% used [0x000000074f700000,0x00000007511f8ce0,0x0000000751200000)
  to   space 34816K, 0% used [0x000000077d100000,0x000000077d100000,0x000000077f300000)
 ParOldGen       total 192512K, used 34007K [0x00000005c0a00000, 0x00000005cc600000, 0x0000000715900000)
  object space 192512K, 17% used [0x00000005c0a00000,0x00000005c2b35f58,0x00000005cc600000)
 Metaspace       used 57251K, capacity 60054K, committed 60080K, reserved 1101824K
  class space    used 7551K, capacity 8050K, committed 8064K, reserved 1048576K
Event: 12.695 GC heap after
Heap after GC invocations=10 (full 2):
 PSYoungGen      total 1653760K, used 26680K [0x0000000715900000, 0x000000077eb80000, 0x00000007c0000000)
  eden space 1626624K, 0% used [0x0000000715900000,0x0000000715900000,0x0000000778d80000)
  from space 27136K, 98% used [0x000000077d100000,0x000000077eb0e100,0x000000077eb80000)
  to   space 36864K, 0% used [0x000000077a380000,0x000000077a380000,0x000000077c780000)
 ParOldGen       total 192512K, used 34015K [0x00000005c0a00000, 0x00000005cc600000, 0x0000000715900000)
  object space 192512K, 17% used [0x00000005c0a00000,0x00000005c2b37f58,0x00000005cc600000)
 Metaspace       used 57251K, capacity 60054K, committed 60080K, reserved 1101824K
  class space    used 7551K, capacity 8050K, committed 8064K, reserved 1048576K
}
Event: 12.695 GC heap before
{Heap before GC invocations=11 (full 3):
 PSYoungGen      total 1653760K, used 26680K [0x0000000715900000, 0x000000077eb80000, 0x00000007c0000000)
  eden space 1626624K, 0% used [0x0000000715900000,0x0000000715900000,0x0000000778d80000)
  from space 27136K, 98% used [0x000000077d100000,0x000000077eb0e100,0x000000077eb80000)
  to   space 36864K, 0% used [0x000000077a380000,0x000000077a380000,0x000000077c780000)
 ParOldGen       total 192512K, used 34015K [0x00000005c0a00000, 0x00000005cc600000, 0x0000000715900000)
  object space 192512K, 17% used [0x00000005c0a00000,0x00000005c2b37f58,0x00000005cc600000)
 Metaspace       used 57251K, capacity 60054K, committed 60080K, reserved 1101824K
  class space    used 7551K, capacity 8050K, committed 8064K, reserved 1048576K
Event: 12.853 GC heap after
Heap after GC invocations=11 (full 3):
 PSYoungGen      total 1653760K, used 0K [0x0000000715900000, 0x000000077eb80000, 0x00000007c0000000)
  eden space 1626624K, 0% used [0x0000000715900000,0x0000000715900000,0x0000000778d80000)
  from space 27136K, 0% used [0x000000077d100000,0x000000077d100000,0x000000077eb80000)
  to   space 36864K, 0% used [0x000000077a380000,0x000000077a380000,0x000000077c780000)
 ParOldGen       total 238080K, used 45695K [0x00000005c0a00000, 0x00000005cf280000, 0x0000000715900000)
  object space 238080K, 19% used [0x00000005c0a00000,0x00000005c369fc10,0x00000005cf280000)
 Metaspace       used 57217K, capacity 60000K, committed 60080K, reserved 1101824K
  class space    used 7546K, capacity 8041K, committed 8064K, reserved 1048576K
}

