# JRE version: Java(TM) SE Runtime Environment (8.0_131-b11) (build 1.8.0_131-b11)
# Java VM: Java HotSpot(TM) 64-Bit Server VM (25.131-b11 mixed mode windows-amd64 compressed oops)
Heap:
 PSYoungGen      total 606208K, used 104828K [0x0000000715900000, 0x000000073cf00000, 0x00000007c0000000)
  eden space 588800K, 15% used [0x0000000715900000,0x000000071afae6b0,0x0000000739800000)
  from space 17408K, 92% used [0x000000073be00000,0x000000073cdb0af8,0x000000073cf00000)
  to   space 28160K, 0% used [0x0000000739800000,0x0000000739800000,0x000000073b380000)
 ParOldGen       total 463872K, used 49895K [0x00000005c0a00000, 0x00000005dcf00000, 0x0000000715900000)
  object space 463872K, 10% used [0x00000005c0a00000,0x00000005c3ab9df0,0x00000005dcf00000)
 Metaspace       used 68591K, capacity 72290K, committed 72576K, reserved 1112064K
  class space    used 9126K, capacity 9766K, committed 9856K, reserved 1048576K
GC Heap History (10 events):
Event: 9.039 GC heap before
{Heap before GC invocations=11 (full 2):
 PSYoungGen      total 435200K, used 434919K [0x0000000715900000, 0x0000000732100000, 0x00000007c0000000)
  eden space 419328K, 100% used [0x0000000715900000,0x000000072f280000,0x000000072f280000)
  from space 15872K, 98% used [0x0000000731180000,0x00000007320b9f58,0x0000000732100000)
  to   space 20480K, 0% used [0x000000072f900000,0x000000072f900000,0x0000000730d00000)
 ParOldGen       total 321536K, used 23662K [0x00000005c0a00000, 0x00000005d4400000, 0x0000000715900000)
  object space 321536K, 7% used [0x00000005c0a00000,0x00000005c211ba38,0x00000005d4400000)
 Metaspace       used 52475K, capacity 55000K, committed 55296K, reserved 1097728K
  class space    used 6834K, capacity 7300K, committed 7424K, reserved 1048576K
Event: 9.055 GC heap after
Heap after GC invocations=11 (full 2):
 PSYoungGen      total 446464K, used 20454K [0x0000000715900000, 0x0000000737780000, 0x00000007c0000000)
  eden space 425984K, 0% used [0x0000000715900000,0x0000000715900000,0x000000072f900000)
  from space 20480K, 99% used [0x000000072f900000,0x0000000730cf9908,0x0000000730d00000)
  to   space 23040K, 0% used [0x0000000736100000,0x0000000736100000,0x0000000737780000)
 ParOldGen       total 321536K, used 25589K [0x00000005c0a00000, 0x00000005d4400000, 0x0000000715900000)
  object space 321536K, 7% used [0x00000005c0a00000,0x00000005c22fd620,0x00000005d4400000)
 Metaspace       used 52475K, capacity 55000K, committed 55296K, reserved 1097728K
  class space    used 6834K, capacity 7300K, committed 7424K, reserved 1048576K
}
Event: 10.730 GC heap before
{Heap before GC invocations=12 (full 2):
 PSYoungGen      total 446464K, used 395354K [0x0000000715900000, 0x0000000737780000, 0x00000007c0000000)
  eden space 425984K, 88% used [0x0000000715900000,0x000000072c71d118,0x000000072f900000)
  from space 20480K, 99% used [0x000000072f900000,0x0000000730cf9908,0x0000000730d00000)
  to   space 23040K, 0% used [0x0000000736100000,0x0000000736100000,0x0000000737780000)
 ParOldGen       total 321536K, used 25589K [0x00000005c0a00000, 0x00000005d4400000, 0x0000000715900000)
  object space 321536K, 7% used [0x00000005c0a00000,0x00000005c22fd620,0x00000005d4400000)
 Metaspace       used 56324K, capacity 59078K, committed 59136K, reserved 1099776K
  class space    used 7412K, capacity 7910K, committed 7936K, reserved 1048576K
Event: 10.800 GC heap after
Heap after GC invocations=12 (full 2):
 PSYoungGen      total 527872K, used 23032K [0x0000000715900000, 0x0000000739d80000, 0x00000007c0000000)
  eden space 504832K, 0% used [0x0000000715900000,0x0000000715900000,0x0000000734600000)
  from space 23040K, 99% used [0x0000000736100000,0x000000073777e110,0x0000000737780000)
  to   space 27648K, 0% used [0x0000000734600000,0x0000000734600000,0x0000000736100000)
 ParOldGen       total 321536K, used 31843K [0x00000005c0a00000, 0x00000005d4400000, 0x0000000715900000)
  object space 321536K, 9% used [0x00000005c0a00000,0x00000005c2918f80,0x00000005d4400000)
 Metaspace       used 56324K, capacity 59078K, committed 59136K, reserved 1099776K
  class space    used 7412K, capacity 7910K, committed 7936K, reserved 1048576K
}
Event: 10.800 GC heap before
{Heap before GC invocations=13 (full 3):
 PSYoungGen      total 527872K, used 23032K [0x0000000715900000, 0x0000000739d80000, 0x00000007c0000000)
  eden space 504832K, 0% used [0x0000000715900000,0x0000000715900000,0x0000000734600000)
  from space 23040K, 99% used [0x0000000736100000,0x000000073777e110,0x0000000737780000)
  to   space 27648K, 0% used [0x0000000734600000,0x0000000734600000,0x0000000736100000)
 ParOldGen       total 321536K, used 31843K [0x00000005c0a00000, 0x00000005d4400000, 0x0000000715900000)
  object space 321536K, 9% used [0x00000005c0a00000,0x00000005c2918f80,0x00000005d4400000)
 Metaspace       used 56324K, capacity 59078K, committed 59136K, reserved 1099776K
  class space    used 7412K, capacity 7910K, committed 7936K, reserved 1048576K
Event: 11.189 GC heap after
Heap after GC invocations=13 (full 3):
 PSYoungGen      total 527872K, used 0K [0x0000000715900000, 0x0000000739d80000, 0x00000007c0000000)
  eden space 504832K, 0% used [0x0000000715900000,0x0000000715900000,0x0000000734600000)
  from space 23040K, 0% used [0x0000000736100000,0x0000000736100000,0x0000000737780000)
  to   space 27648K, 0% used [0x0000000734600000,0x0000000734600000,0x0000000736100000)
 ParOldGen       total 463872K, used 49879K [0x00000005c0a00000, 0x00000005dcf00000, 0x0000000715900000)
  object space 463872K, 10% used [0x00000005c0a00000,0x00000005c3ab5df0,0x00000005dcf00000)
 Metaspace       used 56291K, capacity 59024K, committed 59136K, reserved 1099776K
  class space    used 7407K, capacity 7901K, committed 7936K, reserved 1048576K
}
Event: 12.457 GC heap before
{Heap before GC invocations=14 (full 3):
 PSYoungGen      total 527872K, used 504832K [0x0000000715900000, 0x0000000739d80000, 0x00000007c0000000)
  eden space 504832K, 100% used [0x0000000715900000,0x0000000734600000,0x0000000734600000)
  from space 23040K, 0% used [0x0000000736100000,0x0000000736100000,0x0000000737780000)
  to   space 27648K, 0% used [0x0000000734600000,0x0000000734600000,0x0000000736100000)
 ParOldGen       total 463872K, used 49879K [0x00000005c0a00000, 0x00000005dcf00000, 0x0000000715900000)
  object space 463872K, 10% used [0x00000005c0a00000,0x00000005c3ab5df0,0x00000005dcf00000)
 Metaspace       used 57071K, capacity 59860K, committed 60032K, reserved 1101824K
  class space    used 7545K, capacity 8041K, committed 8064K, reserved 1048576K
Event: 12.461 GC heap after
Heap after GC invocations=14 (full 3):
 PSYoungGen      total 532480K, used 1904K [0x0000000715900000, 0x000000073da00000, 0x00000007c0000000)
  eden space 504832K, 0% used [0x0000000715900000,0x0000000715900000,0x0000000734600000)
  from space 27648K, 6% used [0x0000000734600000,0x00000007347dc1b0,0x0000000736100000)
  to   space 28672K, 0% used [0x000000073be00000,0x000000073be00000,0x000000073da00000)
 ParOldGen       total 463872K, used 49887K [0x00000005c0a00000, 0x00000005dcf00000, 0x0000000715900000)
  object space 463872K, 10% used [0x00000005c0a00000,0x00000005c3ab7df0,0x00000005dcf00000)
 Metaspace       used 57071K, capacity 59860K, committed 60032K, reserved 1101824K
  class space    used 7545K, capacity 8041K, committed 8064K, reserved 1048576K
}
Event: 14.253 GC heap before
{Heap before GC invocations=15 (full 3):
 PSYoungGen      total 532480K, used 506736K [0x0000000715900000, 0x000000073da00000, 0x00000007c0000000)
  eden space 504832K, 100% used [0x0000000715900000,0x0000000734600000,0x0000000734600000)
  from space 27648K, 6% used [0x0000000734600000,0x00000007347dc1b0,0x0000000736100000)
  to   space 28672K, 0% used [0x000000073be00000,0x000000073be00000,0x000000073da00000)
 ParOldGen       total 463872K, used 49887K [0x00000005c0a00000, 0x00000005dcf00000, 0x0000000715900000)
  object space 463872K, 10% used [0x00000005c0a00000,0x00000005c3ab7df0,0x00000005dcf00000)
 Metaspace       used 68429K, capacity 72060K, committed 72320K, reserved 1112064K
  class space    used 9112K, capacity 9733K, committed 9856K, reserved 1048576K
Event: 14.265 GC heap after
Heap after GC invocations=15 (full 3):
 PSYoungGen      total 606208K, used 16066K [0x0000000715900000, 0x000000073cf00000, 0x00000007c0000000)
  eden space 588800K, 0% used [0x0000000715900000,0x0000000715900000,0x0000000739800000)
  from space 17408K, 92% used [0x000000073be00000,0x000000073cdb0af8,0x000000073cf00000)
  to   space 28160K, 0% used [0x0000000739800000,0x0000000739800000,0x000000073b380000)
 ParOldGen       total 463872K, used 49895K [0x00000005c0a00000, 0x00000005dcf00000, 0x0000000715900000)
  object space 463872K, 10% used [0x00000005c0a00000,0x00000005c3ab9df0,0x00000005dcf00000)
 Metaspace       used 68429K, capacity 72060K, committed 72320K, reserved 1112064K
  class space    used 9112K, capacity 9733K, committed 9856K, reserved 1048576K
}

