# JRE version: Java(TM) SE Runtime Environment (8.0_131-b11) (build 1.8.0_131-b11)
# Java VM: Java HotSpot(TM) 64-Bit Server VM (25.131-b11 mixed mode windows-amd64 compressed oops)
Heap:
 PSYoungGen      total 441344K, used 276076K [0x00000000d5b80000, 0x00000000f3180000, 0x0000000100000000)
  eden space 415744K, 60% used [0x00000000d5b80000,0x00000000e501b7a0,0x00000000ef180000)
  from space 25600K, 99% used [0x00000000f0e00000,0x00000000f26ffa10,0x00000000f2700000)
  to   space 29184K, 0% used [0x00000000ef180000,0x00000000ef180000,0x00000000f0e00000)
 ParOldGen       total 161792K, used 48863K [0x0000000081200000, 0x000000008b000000, 0x00000000d5b80000)
  object space 161792K, 30% used [0x0000000081200000,0x00000000841b7e88,0x000000008b000000)
 Metaspace       used 68664K, capacity 72282K, committed 72576K, reserved 1112064K
  class space    used 9115K, capacity 9738K, committed 9856K, reserved 1048576K
GC Heap History (10 events):
Event: 19.598 GC heap before
{Heap before GC invocations=17 (full 2):
 PSYoungGen      total 326144K, used 326120K [0x00000000d5b80000, 0x00000000eb380000, 0x0000000100000000)
  eden space 308736K, 100% used [0x00000000d5b80000,0x00000000e8900000,0x00000000e8900000)
  from space 17408K, 99% used [0x00000000e9d00000,0x00000000eadfa120,0x00000000eae00000)
  to   space 20480K, 0% used [0x00000000e8900000,0x00000000e8900000,0x00000000e9d00000)
 ParOldGen       total 103424K, used 25826K [0x0000000081200000, 0x0000000087700000, 0x00000000d5b80000)
  object space 103424K, 24% used [0x0000000081200000,0x0000000082b38a98,0x0000000087700000)
 Metaspace       used 53960K, capacity 56740K, committed 56832K, reserved 1097728K
  class space    used 7072K, capacity 7596K, committed 7680K, reserved 1048576K
Event: 19.622 GC heap after
Heap after GC invocations=17 (full 2):
 PSYoungGen      total 329216K, used 20464K [0x00000000d5b80000, 0x00000000efe00000, 0x0000000100000000)
  eden space 308736K, 0% used [0x00000000d5b80000,0x00000000d5b80000,0x00000000e8900000)
  from space 20480K, 99% used [0x00000000e8900000,0x00000000e9cfc0d0,0x00000000e9d00000)
  to   space 25088K, 0% used [0x00000000ee580000,0x00000000ee580000,0x00000000efe00000)
 ParOldGen       total 103424K, used 30291K [0x0000000081200000, 0x0000000087700000, 0x00000000d5b80000)
  object space 103424K, 29% used [0x0000000081200000,0x0000000082f94c90,0x0000000087700000)
 Metaspace       used 53960K, capacity 56740K, committed 56832K, reserved 1097728K
  class space    used 7072K, capacity 7596K, committed 7680K, reserved 1048576K
}
Event: 20.993 GC heap before
{Heap before GC invocations=18 (full 2):
 PSYoungGen      total 329216K, used 180722K [0x00000000d5b80000, 0x00000000efe00000, 0x0000000100000000)
  eden space 308736K, 51% used [0x00000000d5b80000,0x00000000df800978,0x00000000e8900000)
  from space 20480K, 99% used [0x00000000e8900000,0x00000000e9cfc0d0,0x00000000e9d00000)
  to   space 25088K, 0% used [0x00000000ee580000,0x00000000ee580000,0x00000000efe00000)
 ParOldGen       total 103424K, used 30291K [0x0000000081200000, 0x0000000087700000, 0x00000000d5b80000)
  object space 103424K, 29% used [0x0000000081200000,0x0000000082f94c90,0x0000000087700000)
 Metaspace       used 56285K, capacity 59074K, committed 59136K, reserved 1099776K
  class space    used 7401K, capacity 7910K, committed 7936K, reserved 1048576K
Event: 21.018 GC heap after
Heap after GC invocations=18 (full 2):
 PSYoungGen      total 403968K, used 15235K [0x00000000d5b80000, 0x00000000f0400000, 0x0000000100000000)
  eden space 378880K, 0% used [0x00000000d5b80000,0x00000000d5b80000,0x00000000ecd80000)
  from space 25088K, 60% used [0x00000000ee580000,0x00000000ef460cd0,0x00000000efe00000)
  to   space 24576K, 0% used [0x00000000ecd80000,0x00000000ecd80000,0x00000000ee580000)
 ParOldGen       total 103424K, used 38911K [0x0000000081200000, 0x0000000087700000, 0x00000000d5b80000)
  object space 103424K, 37% used [0x0000000081200000,0x00000000837ffe78,0x0000000087700000)
 Metaspace       used 56285K, capacity 59074K, committed 59136K, reserved 1099776K
  class space    used 7401K, capacity 7910K, committed 7936K, reserved 1048576K
}
Event: 21.018 GC heap before
{Heap before GC invocations=19 (full 3):
 PSYoungGen      total 403968K, used 15235K [0x00000000d5b80000, 0x00000000f0400000, 0x0000000100000000)
  eden space 378880K, 0% used [0x00000000d5b80000,0x00000000d5b80000,0x00000000ecd80000)
  from space 25088K, 60% used [0x00000000ee580000,0x00000000ef460cd0,0x00000000efe00000)
  to   space 24576K, 0% used [0x00000000ecd80000,0x00000000ecd80000,0x00000000ee580000)
 ParOldGen       total 103424K, used 38911K [0x0000000081200000, 0x0000000087700000, 0x00000000d5b80000)
  object space 103424K, 37% used [0x0000000081200000,0x00000000837ffe78,0x0000000087700000)
 Metaspace       used 56285K, capacity 59074K, committed 59136K, reserved 1099776K
  class space    used 7401K, capacity 7910K, committed 7936K, reserved 1048576K
Event: 21.564 GC heap after
Heap after GC invocations=19 (full 3):
 PSYoungGen      total 403968K, used 0K [0x00000000d5b80000, 0x00000000f0400000, 0x0000000100000000)
  eden space 378880K, 0% used [0x00000000d5b80000,0x00000000d5b80000,0x00000000ecd80000)
  from space 25088K, 0% used [0x00000000ee580000,0x00000000ee580000,0x00000000efe00000)
  to   space 24576K, 0% used [0x00000000ecd80000,0x00000000ecd80000,0x00000000ee580000)
 ParOldGen       total 161792K, used 48658K [0x0000000081200000, 0x000000008b000000, 0x00000000d5b80000)
  object space 161792K, 30% used [0x0000000081200000,0x0000000084184920,0x000000008b000000)
 Metaspace       used 56252K, capacity 59020K, committed 59136K, reserved 1099776K
  class space    used 7396K, capacity 7901K, committed 7936K, reserved 1048576K
}
Event: 23.790 GC heap before
{Heap before GC invocations=20 (full 3):
 PSYoungGen      total 403968K, used 378880K [0x00000000d5b80000, 0x00000000f0400000, 0x0000000100000000)
  eden space 378880K, 100% used [0x00000000d5b80000,0x00000000ecd80000,0x00000000ecd80000)
  from space 25088K, 0% used [0x00000000ee580000,0x00000000ee580000,0x00000000efe00000)
  to   space 24576K, 0% used [0x00000000ecd80000,0x00000000ecd80000,0x00000000ee580000)
 ParOldGen       total 161792K, used 48658K [0x0000000081200000, 0x000000008b000000, 0x00000000d5b80000)
  object space 161792K, 30% used [0x0000000081200000,0x0000000084184920,0x000000008b000000)
 Metaspace       used 57106K, capacity 59920K, committed 60032K, reserved 1101824K
  class space    used 7548K, capacity 8041K, committed 8064K, reserved 1048576K
Event: 23.795 GC heap after
Heap after GC invocations=20 (full 3):
 PSYoungGen      total 403456K, used 1824K [0x00000000d5b80000, 0x00000000f2700000, 0x0000000100000000)
  eden space 378880K, 0% used [0x00000000d5b80000,0x00000000d5b80000,0x00000000ecd80000)
  from space 24576K, 7% used [0x00000000ecd80000,0x00000000ecf48000,0x00000000ee580000)
  to   space 25600K, 0% used [0x00000000f0e00000,0x00000000f0e00000,0x00000000f2700000)
 ParOldGen       total 161792K, used 48666K [0x0000000081200000, 0x000000008b000000, 0x00000000d5b80000)
  object space 161792K, 30% used [0x0000000081200000,0x0000000084186920,0x000000008b000000)
 Metaspace       used 57106K, capacity 59920K, committed 60032K, reserved 1101824K
  class space    used 7548K, capacity 8041K, committed 8064K, reserved 1048576K
}
Event: 25.566 GC heap before
{Heap before GC invocations=21 (full 3):
 PSYoungGen      total 403456K, used 380704K [0x00000000d5b80000, 0x00000000f2700000, 0x0000000100000000)
  eden space 378880K, 100% used [0x00000000d5b80000,0x00000000ecd80000,0x00000000ecd80000)
  from space 24576K, 7% used [0x00000000ecd80000,0x00000000ecf48000,0x00000000ee580000)
  to   space 25600K, 0% used [0x00000000f0e00000,0x00000000f0e00000,0x00000000f2700000)
 ParOldGen       total 161792K, used 48666K [0x0000000081200000, 0x000000008b000000, 0x00000000d5b80000)
  object space 161792K, 30% used [0x0000000081200000,0x0000000084186920,0x000000008b000000)
 Metaspace       used 63126K, capacity 66568K, committed 66944K, reserved 1107968K
  class space    used 8410K, capacity 8979K, committed 9088K, reserved 1048576K
Event: 25.591 GC heap after
Heap after GC invocations=21 (full 3):
 PSYoungGen      total 441344K, used 25598K [0x00000000d5b80000, 0x00000000f3180000, 0x0000000100000000)
  eden space 415744K, 0% used [0x00000000d5b80000,0x00000000d5b80000,0x00000000ef180000)
  from space 25600K, 99% used [0x00000000f0e00000,0x00000000f26ffa10,0x00000000f2700000)
  to   space 29184K, 0% used [0x00000000ef180000,0x00000000ef180000,0x00000000f0e00000)
 ParOldGen       total 161792K, used 48863K [0x0000000081200000, 0x000000008b000000, 0x00000000d5b80000)
  object space 161792K, 30% used [0x0000000081200000,0x00000000841b7e88,0x000000008b000000)
 Metaspace       used 63126K, capacity 66568K, committed 66944K, reserved 1107968K
  class space    used 8410K, capacity 8979K, committed 9088K, reserved 1048576K
}

