# JRE version: Java(TM) SE Runtime Environment (8.0_131-b11) (build 1.8.0_131-b11)
# Java VM: Java HotSpot(TM) 64-Bit Server VM (25.131-b11 mixed mode windows-amd64 compressed oops)
Heap:
 PSYoungGen      total 483328K, used 315796K [0x00000000d5b80000, 0x00000000f5080000, 0x0000000100000000)
  eden space 463872K, 65% used [0x00000000d5b80000,0x00000000e838f548,0x00000000f2080000)
  from space 19456K, 64% used [0x00000000f3d80000,0x00000000f49d5b98,0x00000000f5080000)
  to   space 24576K, 0% used [0x00000000f2080000,0x00000000f2080000,0x00000000f3880000)
 ParOldGen       total 151040K, used 48014K [0x0000000081200000, 0x000000008a580000, 0x00000000d5b80000)
  object space 151040K, 31% used [0x0000000081200000,0x00000000840e3a58,0x000000008a580000)
 Metaspace       used 68811K, capacity 72519K, committed 72832K, reserved 1112064K
  class space    used 9134K, capacity 9769K, committed 9856K, reserved 1048576K
GC Heap History (10 events):
Event: 24.003 GC heap before
{Heap before GC invocations=17 (full 2):
 PSYoungGen      total 356864K, used 356856K [0x00000000d5b80000, 0x00000000ed500000, 0x0000000100000000)
  eden space 338432K, 100% used [0x00000000d5b80000,0x00000000ea600000,0x00000000ea600000)
  from space 18432K, 99% used [0x00000000ebb80000,0x00000000ecd7e110,0x00000000ecd80000)
  to   space 22016K, 0% used [0x00000000ea600000,0x00000000ea600000,0x00000000ebb80000)
 ParOldGen       total 98304K, used 25842K [0x0000000081200000, 0x0000000087200000, 0x00000000d5b80000)
  object space 98304K, 26% used [0x0000000081200000,0x0000000082b3cab8,0x0000000087200000)
 Metaspace       used 54919K, capacity 57739K, committed 57984K, reserved 1099776K
  class space    used 7197K, capacity 7705K, committed 7808K, reserved 1048576K
Event: 24.031 GC heap after
Heap after GC invocations=17 (full 2):
 PSYoungGen      total 360448K, used 18135K [0x00000000d5b80000, 0x00000000f1f80000, 0x0000000100000000)
  eden space 338432K, 0% used [0x00000000d5b80000,0x00000000d5b80000,0x00000000ea600000)
  from space 22016K, 82% used [0x00000000ea600000,0x00000000eb7b5fd0,0x00000000ebb80000)
  to   space 23552K, 0% used [0x00000000f0880000,0x00000000f0880000,0x00000000f1f80000)
 ParOldGen       total 98304K, used 34720K [0x0000000081200000, 0x0000000087200000, 0x00000000d5b80000)
  object space 98304K, 35% used [0x0000000081200000,0x00000000833e82a0,0x0000000087200000)
 Metaspace       used 54919K, capacity 57739K, committed 57984K, reserved 1099776K
  class space    used 7197K, capacity 7705K, committed 7808K, reserved 1048576K
}
Event: 24.779 GC heap before
{Heap before GC invocations=18 (full 2):
 PSYoungGen      total 360448K, used 80959K [0x00000000d5b80000, 0x00000000f1f80000, 0x0000000100000000)
  eden space 338432K, 18% used [0x00000000d5b80000,0x00000000d98d9dc0,0x00000000ea600000)
  from space 22016K, 82% used [0x00000000ea600000,0x00000000eb7b5fd0,0x00000000ebb80000)
  to   space 23552K, 0% used [0x00000000f0880000,0x00000000f0880000,0x00000000f1f80000)
 ParOldGen       total 98304K, used 34720K [0x0000000081200000, 0x0000000087200000, 0x00000000d5b80000)
  object space 98304K, 35% used [0x0000000081200000,0x00000000833e82a0,0x0000000087200000)
 Metaspace       used 56298K, capacity 59085K, committed 59136K, reserved 1099776K
  class space    used 7396K, capacity 7912K, committed 7936K, reserved 1048576K
Event: 24.798 GC heap after
Heap after GC invocations=18 (full 2):
 PSYoungGen      total 438272K, used 18249K [0x00000000d5b80000, 0x00000000f2f80000, 0x0000000100000000)
  eden space 414720K, 0% used [0x00000000d5b80000,0x00000000d5b80000,0x00000000ef080000)
  from space 23552K, 77% used [0x00000000f0880000,0x00000000f1a52640,0x00000000f1f80000)
  to   space 24576K, 0% used [0x00000000ef080000,0x00000000ef080000,0x00000000f0880000)
 ParOldGen       total 98304K, used 34728K [0x0000000081200000, 0x0000000087200000, 0x00000000d5b80000)
  object space 98304K, 35% used [0x0000000081200000,0x00000000833ea2a0,0x0000000087200000)
 Metaspace       used 56298K, capacity 59085K, committed 59136K, reserved 1099776K
  class space    used 7396K, capacity 7912K, committed 7936K, reserved 1048576K
}
Event: 24.798 GC heap before
{Heap before GC invocations=19 (full 3):
 PSYoungGen      total 438272K, used 18249K [0x00000000d5b80000, 0x00000000f2f80000, 0x0000000100000000)
  eden space 414720K, 0% used [0x00000000d5b80000,0x00000000d5b80000,0x00000000ef080000)
  from space 23552K, 77% used [0x00000000f0880000,0x00000000f1a52640,0x00000000f1f80000)
  to   space 24576K, 0% used [0x00000000ef080000,0x00000000ef080000,0x00000000f0880000)
 ParOldGen       total 98304K, used 34728K [0x0000000081200000, 0x0000000087200000, 0x00000000d5b80000)
  object space 98304K, 35% used [0x0000000081200000,0x00000000833ea2a0,0x0000000087200000)
 Metaspace       used 56298K, capacity 59085K, committed 59136K, reserved 1099776K
  class space    used 7396K, capacity 7912K, committed 7936K, reserved 1048576K
Event: 25.348 GC heap after
Heap after GC invocations=19 (full 3):
 PSYoungGen      total 438272K, used 0K [0x00000000d5b80000, 0x00000000f2f80000, 0x0000000100000000)
  eden space 414720K, 0% used [0x00000000d5b80000,0x00000000d5b80000,0x00000000ef080000)
  from space 23552K, 0% used [0x00000000f0880000,0x00000000f0880000,0x00000000f1f80000)
  to   space 24576K, 0% used [0x00000000ef080000,0x00000000ef080000,0x00000000f0880000)
 ParOldGen       total 151040K, used 47998K [0x0000000081200000, 0x000000008a580000, 0x00000000d5b80000)
  object space 151040K, 31% used [0x0000000081200000,0x00000000840dfa58,0x000000008a580000)
 Metaspace       used 56264K, capacity 59031K, committed 59136K, reserved 1099776K
  class space    used 7391K, capacity 7903K, committed 7936K, reserved 1048576K
}
Event: 27.529 GC heap before
{Heap before GC invocations=20 (full 3):
 PSYoungGen      total 438272K, used 414720K [0x00000000d5b80000, 0x00000000f2f80000, 0x0000000100000000)
  eden space 414720K, 100% used [0x00000000d5b80000,0x00000000ef080000,0x00000000ef080000)
  from space 23552K, 0% used [0x00000000f0880000,0x00000000f0880000,0x00000000f1f80000)
  to   space 24576K, 0% used [0x00000000ef080000,0x00000000ef080000,0x00000000f0880000)
 ParOldGen       total 151040K, used 47998K [0x0000000081200000, 0x000000008a580000, 0x00000000d5b80000)
  object space 151040K, 31% used [0x0000000081200000,0x00000000840dfa58,0x000000008a580000)
 Metaspace       used 57063K, capacity 59861K, committed 60032K, reserved 1101824K
  class space    used 7547K, capacity 8042K, committed 8064K, reserved 1048576K
Event: 27.535 GC heap after
Heap after GC invocations=20 (full 3):
 PSYoungGen      total 439296K, used 1904K [0x00000000d5b80000, 0x00000000f5680000, 0x0000000100000000)
  eden space 414720K, 0% used [0x00000000d5b80000,0x00000000d5b80000,0x00000000ef080000)
  from space 24576K, 7% used [0x00000000ef080000,0x00000000ef25c1b0,0x00000000f0880000)
  to   space 25600K, 0% used [0x00000000f3d80000,0x00000000f3d80000,0x00000000f5680000)
 ParOldGen       total 151040K, used 48006K [0x0000000081200000, 0x000000008a580000, 0x00000000d5b80000)
  object space 151040K, 31% used [0x0000000081200000,0x00000000840e1a58,0x000000008a580000)
 Metaspace       used 57063K, capacity 59861K, committed 60032K, reserved 1101824K
  class space    used 7547K, capacity 8042K, committed 8064K, reserved 1048576K
}
Event: 31.266 GC heap before
{Heap before GC invocations=21 (full 3):
 PSYoungGen      total 439296K, used 416624K [0x00000000d5b80000, 0x00000000f5680000, 0x0000000100000000)
  eden space 414720K, 100% used [0x00000000d5b80000,0x00000000ef080000,0x00000000ef080000)
  from space 24576K, 7% used [0x00000000ef080000,0x00000000ef25c1b0,0x00000000f0880000)
  to   space 25600K, 0% used [0x00000000f3d80000,0x00000000f3d80000,0x00000000f5680000)
 ParOldGen       total 151040K, used 48006K [0x0000000081200000, 0x000000008a580000, 0x00000000d5b80000)
  object space 151040K, 31% used [0x0000000081200000,0x00000000840e1a58,0x000000008a580000)
 Metaspace       used 65639K, capacity 69249K, committed 69504K, reserved 1110016K
  class space    used 8713K, capacity 9324K, committed 9344K, reserved 1048576K
Event: 31.288 GC heap after
Heap after GC invocations=21 (full 3):
 PSYoungGen      total 483328K, used 12630K [0x00000000d5b80000, 0x00000000f5080000, 0x0000000100000000)
  eden space 463872K, 0% used [0x00000000d5b80000,0x00000000d5b80000,0x00000000f2080000)
  from space 19456K, 64% used [0x00000000f3d80000,0x00000000f49d5b98,0x00000000f5080000)
  to   space 24576K, 0% used [0x00000000f2080000,0x00000000f2080000,0x00000000f3880000)
 ParOldGen       total 151040K, used 48014K [0x0000000081200000, 0x000000008a580000, 0x00000000d5b80000)
  object space 151040K, 31% used [0x0000000081200000,0x00000000840e3a58,0x000000008a580000)
 Metaspace       used 65639K, capacity 69249K, committed 69504K, reserved 1110016K
  class space    used 8713K, capacity 9324K, committed 9344K, reserved 1048576K
}

