# JRE version: Java(TM) SE Runtime Environment (8.0_131-b11) (build 1.8.0_131-b11)
# Java VM: Java HotSpot(TM) 64-Bit Server VM (25.131-b11 mixed mode windows-amd64 compressed oops)
Heap:
 PSYoungGen      total 434176K, used 230692K [0x00000000d5b80000, 0x00000000f3900000, 0x0000000100000000)
  eden space 408576K, 53% used [0x00000000d5b80000,0x00000000e3221ec0,0x00000000eea80000)
  from space 25600K, 42% used [0x00000000eea80000,0x00000000ef527450,0x00000000f0380000)
  to   space 24064K, 0% used [0x00000000f2180000,0x00000000f2180000,0x00000000f3900000)
 ParOldGen       total 156160K, used 49703K [0x0000000081200000, 0x000000008aa80000, 0x00000000d5b80000)
  object space 156160K, 31% used [0x0000000081200000,0x0000000084289dd8,0x000000008aa80000)
 Metaspace       used 68536K, capacity 72126K, committed 72192K, reserved 1112064K
  class space    used 9101K, capacity 9708K, committed 9728K, reserved 1048576K
GC Heap History (10 events):
Event: 17.965 GC heap before
{Heap before GC invocations=16 (full 2):
 PSYoungGen      total 310784K, used 309360K [0x00000000d5b80000, 0x00000000ee000000, 0x0000000100000000)
  eden space 292864K, 100% used [0x00000000d5b80000,0x00000000e7980000,0x00000000e7980000)
  from space 17920K, 92% used [0x00000000e7980000,0x00000000e899c118,0x00000000e8b00000)
  to   space 19456K, 0% used [0x00000000ecd00000,0x00000000ecd00000,0x00000000ee000000)
 ParOldGen       total 97280K, used 22798K [0x0000000081200000, 0x0000000087100000, 0x00000000d5b80000)
  object space 97280K, 23% used [0x0000000081200000,0x0000000082843ad0,0x0000000087100000)
 Metaspace       used 52604K, capacity 55172K, committed 55296K, reserved 1097728K
  class space    used 6865K, capacity 7334K, committed 7424K, reserved 1048576K
Event: 17.984 GC heap after
Heap after GC invocations=16 (full 2):
 PSYoungGen      total 374784K, used 19448K [0x00000000d5b80000, 0x00000000ee500000, 0x0000000100000000)
  eden space 355328K, 0% used [0x00000000d5b80000,0x00000000d5b80000,0x00000000eb680000)
  from space 19456K, 99% used [0x00000000ecd00000,0x00000000edffe0f0,0x00000000ee000000)
  to   space 23040K, 0% used [0x00000000eb680000,0x00000000eb680000,0x00000000ecd00000)
 ParOldGen       total 97280K, used 25310K [0x0000000081200000, 0x0000000087100000, 0x00000000d5b80000)
  object space 97280K, 26% used [0x0000000081200000,0x0000000082ab7a38,0x0000000087100000)
 Metaspace       used 52604K, capacity 55172K, committed 55296K, reserved 1097728K
  class space    used 6865K, capacity 7334K, committed 7424K, reserved 1048576K
}
Event: 20.384 GC heap before
{Heap before GC invocations=17 (full 2):
 PSYoungGen      total 374784K, used 357317K [0x00000000d5b80000, 0x00000000ee500000, 0x0000000100000000)
  eden space 355328K, 95% used [0x00000000d5b80000,0x00000000ea5734a0,0x00000000eb680000)
  from space 19456K, 99% used [0x00000000ecd00000,0x00000000edffe0f0,0x00000000ee000000)
  to   space 23040K, 0% used [0x00000000eb680000,0x00000000eb680000,0x00000000ecd00000)
 ParOldGen       total 97280K, used 25310K [0x0000000081200000, 0x0000000087100000, 0x00000000d5b80000)
  object space 97280K, 26% used [0x0000000081200000,0x0000000082ab7a38,0x0000000087100000)
 Metaspace       used 56274K, capacity 59078K, committed 59136K, reserved 1099776K
  class space    used 7410K, capacity 7910K, committed 7936K, reserved 1048576K
Event: 20.410 GC heap after
Heap after GC invocations=17 (full 2):
 PSYoungGen      total 378368K, used 19769K [0x00000000d5b80000, 0x00000000f3300000, 0x0000000100000000)
  eden space 355328K, 0% used [0x00000000d5b80000,0x00000000d5b80000,0x00000000eb680000)
  from space 23040K, 85% used [0x00000000eb680000,0x00000000ec9ce7f8,0x00000000ecd00000)
  to   space 25088K, 0% used [0x00000000f1a80000,0x00000000f1a80000,0x00000000f3300000)
 ParOldGen       total 97280K, used 34695K [0x0000000081200000, 0x0000000087100000, 0x00000000d5b80000)
  object space 97280K, 35% used [0x0000000081200000,0x00000000833e1f28,0x0000000087100000)
 Metaspace       used 56274K, capacity 59078K, committed 59136K, reserved 1099776K
  class space    used 7410K, capacity 7910K, committed 7936K, reserved 1048576K
}
Event: 20.410 GC heap before
{Heap before GC invocations=18 (full 3):
 PSYoungGen      total 378368K, used 19769K [0x00000000d5b80000, 0x00000000f3300000, 0x0000000100000000)
  eden space 355328K, 0% used [0x00000000d5b80000,0x00000000d5b80000,0x00000000eb680000)
  from space 23040K, 85% used [0x00000000eb680000,0x00000000ec9ce7f8,0x00000000ecd00000)
  to   space 25088K, 0% used [0x00000000f1a80000,0x00000000f1a80000,0x00000000f3300000)
 ParOldGen       total 97280K, used 34695K [0x0000000081200000, 0x0000000087100000, 0x00000000d5b80000)
  object space 97280K, 35% used [0x0000000081200000,0x00000000833e1f28,0x0000000087100000)
 Metaspace       used 56274K, capacity 59078K, committed 59136K, reserved 1099776K
  class space    used 7410K, capacity 7910K, committed 7936K, reserved 1048576K
Event: 21.003 GC heap after
Heap after GC invocations=18 (full 3):
 PSYoungGen      total 378368K, used 0K [0x00000000d5b80000, 0x00000000f3300000, 0x0000000100000000)
  eden space 355328K, 0% used [0x00000000d5b80000,0x00000000d5b80000,0x00000000eb680000)
  from space 23040K, 0% used [0x00000000eb680000,0x00000000eb680000,0x00000000ecd00000)
  to   space 25088K, 0% used [0x00000000f1a80000,0x00000000f1a80000,0x00000000f3300000)
 ParOldGen       total 156160K, used 49687K [0x0000000081200000, 0x000000008aa80000, 0x00000000d5b80000)
  object space 156160K, 31% used [0x0000000081200000,0x0000000084285dd8,0x000000008aa80000)
 Metaspace       used 56240K, capacity 59024K, committed 59136K, reserved 1099776K
  class space    used 7405K, capacity 7901K, committed 7936K, reserved 1048576K
}
Event: 23.029 GC heap before
{Heap before GC invocations=19 (full 3):
 PSYoungGen      total 378368K, used 355328K [0x00000000d5b80000, 0x00000000f3300000, 0x0000000100000000)
  eden space 355328K, 100% used [0x00000000d5b80000,0x00000000eb680000,0x00000000eb680000)
  from space 23040K, 0% used [0x00000000eb680000,0x00000000eb680000,0x00000000ecd00000)
  to   space 25088K, 0% used [0x00000000f1a80000,0x00000000f1a80000,0x00000000f3300000)
 ParOldGen       total 156160K, used 49687K [0x0000000081200000, 0x000000008aa80000, 0x00000000d5b80000)
  object space 156160K, 31% used [0x0000000081200000,0x0000000084285dd8,0x000000008aa80000)
 Metaspace       used 57033K, capacity 59892K, committed 60160K, reserved 1101824K
  class space    used 7550K, capacity 8073K, committed 8192K, reserved 1048576K
Event: 23.036 GC heap after
Heap after GC invocations=19 (full 3):
 PSYoungGen      total 406528K, used 1648K [0x00000000d5b80000, 0x00000000f1c80000, 0x0000000100000000)
  eden space 404480K, 0% used [0x00000000d5b80000,0x00000000d5b80000,0x00000000ee680000)
  from space 2048K, 80% used [0x00000000f1a80000,0x00000000f1c1c1b0,0x00000000f1c80000)
  to   space 25600K, 0% used [0x00000000eea80000,0x00000000eea80000,0x00000000f0380000)
 ParOldGen       total 156160K, used 49695K [0x0000000081200000, 0x000000008aa80000, 0x00000000d5b80000)
  object space 156160K, 31% used [0x0000000081200000,0x0000000084287dd8,0x000000008aa80000)
 Metaspace       used 57033K, capacity 59892K, committed 60160K, reserved 1101824K
  class space    used 7550K, capacity 8073K, committed 8192K, reserved 1048576K
}
Event: 24.735 GC heap before
{Heap before GC invocations=20 (full 3):
 PSYoungGen      total 406528K, used 406128K [0x00000000d5b80000, 0x00000000f1c80000, 0x0000000100000000)
  eden space 404480K, 100% used [0x00000000d5b80000,0x00000000ee680000,0x00000000ee680000)
  from space 2048K, 80% used [0x00000000f1a80000,0x00000000f1c1c1b0,0x00000000f1c80000)
  to   space 25600K, 0% used [0x00000000eea80000,0x00000000eea80000,0x00000000f0380000)
 ParOldGen       total 156160K, used 49695K [0x0000000081200000, 0x000000008aa80000, 0x00000000d5b80000)
  object space 156160K, 31% used [0x0000000081200000,0x0000000084287dd8,0x000000008aa80000)
 Metaspace       used 63798K, capacity 67320K, committed 67456K, reserved 1107968K
  class space    used 8477K, capacity 9079K, committed 9088K, reserved 1048576K
Event: 24.749 GC heap after
Heap after GC invocations=20 (full 3):
 PSYoungGen      total 434176K, used 10909K [0x00000000d5b80000, 0x00000000f3900000, 0x0000000100000000)
  eden space 408576K, 0% used [0x00000000d5b80000,0x00000000d5b80000,0x00000000eea80000)
  from space 25600K, 42% used [0x00000000eea80000,0x00000000ef527450,0x00000000f0380000)
  to   space 24064K, 0% used [0x00000000f2180000,0x00000000f2180000,0x00000000f3900000)
 ParOldGen       total 156160K, used 49703K [0x0000000081200000, 0x000000008aa80000, 0x00000000d5b80000)
  object space 156160K, 31% used [0x0000000081200000,0x0000000084289dd8,0x000000008aa80000)
 Metaspace       used 63798K, capacity 67320K, committed 67456K, reserved 1107968K
  class space    used 8477K, capacity 9079K, committed 9088K, reserved 1048576K
}

