# JRE version: Java(TM) SE Runtime Environment (8.0_131-b11) (build 1.8.0_131-b11)
# Java VM: Java HotSpot(TM) 64-Bit Server VM (25.131-b11 mixed mode windows-amd64 compressed oops)
Heap:
 PSYoungGen      total 377344K, used 296143K [0x00000000d5b80000, 0x00000000f3080000, 0x0000000100000000)
  eden space 366080K, 77% used [0x00000000d5b80000,0x00000000e71b90a0,0x00000000ec100000)
  from space 11264K, 99% used [0x00000000f1700000,0x00000000f21fadb8,0x00000000f2200000)
  to   space 14848K, 0% used [0x00000000f2200000,0x00000000f2200000,0x00000000f3080000)
 ParOldGen       total 156160K, used 48406K [0x0000000081200000, 0x000000008aa80000, 0x00000000d5b80000)
  object space 156160K, 30% used [0x0000000081200000,0x0000000084145a68,0x000000008aa80000)
 Metaspace       used 68958K, capacity 72694K, committed 72832K, reserved 1112064K
  class space    used 9151K, capacity 9774K, committed 9856K, reserved 1048576K
GC Heap History (10 events):
Event: 375.281 GC heap before
{Heap before GC invocations=26 (full 3):
 PSYoungGen      total 459264K, used 458971K [0x00000000d5b80000, 0x00000000f5f80000, 0x0000000100000000)
  eden space 448000K, 100% used [0x00000000d5b80000,0x00000000f1100000,0x00000000f1100000)
  from space 11264K, 97% used [0x00000000f5480000,0x00000000f5f36dc8,0x00000000f5f80000)
  to   space 21504K, 0% used [0x00000000f3580000,0x00000000f3580000,0x00000000f4a80000)
 ParOldGen       total 156160K, used 48374K [0x0000000081200000, 0x000000008aa80000, 0x00000000d5b80000)
  object space 156160K, 30% used [0x0000000081200000,0x000000008413da68,0x000000008aa80000)
 Metaspace       used 68869K, capacity 72606K, committed 72832K, reserved 1112064K
  class space    used 9136K, capacity 9770K, committed 9856K, reserved 1048576K
Event: 375.293 GC heap after
Heap after GC invocations=26 (full 3):
 PSYoungGen      total 441344K, used 10923K [0x00000000d5b80000, 0x00000000f5500000, 0x0000000100000000)
  eden space 430080K, 0% used [0x00000000d5b80000,0x00000000d5b80000,0x00000000eff80000)
  from space 11264K, 96% used [0x00000000f3580000,0x00000000f402adb8,0x00000000f4080000)
  to   space 20480K, 0% used [0x00000000f4100000,0x00000000f4100000,0x00000000f5500000)
 ParOldGen       total 156160K, used 48382K [0x0000000081200000, 0x000000008aa80000, 0x00000000d5b80000)
  object space 156160K, 30% used [0x0000000081200000,0x000000008413fa68,0x000000008aa80000)
 Metaspace       used 68869K, capacity 72606K, committed 72832K, reserved 1112064K
  class space    used 9136K, capacity 9770K, committed 9856K, reserved 1048576K
}
Event: 387.301 GC heap before
{Heap before GC invocations=27 (full 3):
 PSYoungGen      total 441344K, used 441003K [0x00000000d5b80000, 0x00000000f5500000, 0x0000000100000000)
  eden space 430080K, 100% used [0x00000000d5b80000,0x00000000eff80000,0x00000000eff80000)
  from space 11264K, 96% used [0x00000000f3580000,0x00000000f402adb8,0x00000000f4080000)
  to   space 20480K, 0% used [0x00000000f4100000,0x00000000f4100000,0x00000000f5500000)
 ParOldGen       total 156160K, used 48382K [0x0000000081200000, 0x000000008aa80000, 0x00000000d5b80000)
  object space 156160K, 30% used [0x0000000081200000,0x000000008413fa68,0x000000008aa80000)
 Metaspace       used 68869K, capacity 72606K, committed 72832K, reserved 1112064K
  class space    used 9136K, capacity 9770K, committed 9856K, reserved 1048576K
Event: 387.309 GC heap after
Heap after GC invocations=27 (full 3):
 PSYoungGen      total 423936K, used 10955K [0x00000000d5b80000, 0x00000000f4c00000, 0x0000000100000000)
  eden space 412672K, 0% used [0x00000000d5b80000,0x00000000d5b80000,0x00000000eee80000)
  from space 11264K, 97% used [0x00000000f4100000,0x00000000f4bb2dd8,0x00000000f4c00000)
  to   space 19968K, 0% used [0x00000000f2500000,0x00000000f2500000,0x00000000f3880000)
 ParOldGen       total 156160K, used 48390K [0x0000000081200000, 0x000000008aa80000, 0x00000000d5b80000)
  object space 156160K, 30% used [0x0000000081200000,0x0000000084141a68,0x000000008aa80000)
 Metaspace       used 68869K, capacity 72606K, committed 72832K, reserved 1112064K
  class space    used 9136K, capacity 9770K, committed 9856K, reserved 1048576K
}
Event: 398.683 GC heap before
{Heap before GC invocations=28 (full 3):
 PSYoungGen      total 423936K, used 423627K [0x00000000d5b80000, 0x00000000f4c00000, 0x0000000100000000)
  eden space 412672K, 100% used [0x00000000d5b80000,0x00000000eee80000,0x00000000eee80000)
  from space 11264K, 97% used [0x00000000f4100000,0x00000000f4bb2dd8,0x00000000f4c00000)
  to   space 19968K, 0% used [0x00000000f2500000,0x00000000f2500000,0x00000000f3880000)
 ParOldGen       total 156160K, used 48390K [0x0000000081200000, 0x000000008aa80000, 0x00000000d5b80000)
  object space 156160K, 30% used [0x0000000081200000,0x0000000084141a68,0x000000008aa80000)
 Metaspace       used 68958K, capacity 72694K, committed 72832K, reserved 1112064K
  class space    used 9151K, capacity 9774K, committed 9856K, reserved 1048576K
Event: 398.696 GC heap after
Heap after GC invocations=28 (full 3):
 PSYoungGen      total 407552K, used 11131K [0x00000000d5b80000, 0x00000000f4180000, 0x0000000100000000)
  eden space 396288K, 0% used [0x00000000d5b80000,0x00000000d5b80000,0x00000000ede80000)
  from space 11264K, 98% used [0x00000000f2500000,0x00000000f2fdedc8,0x00000000f3000000)
  to   space 17920K, 0% used [0x00000000f3000000,0x00000000f3000000,0x00000000f4180000)
 ParOldGen       total 156160K, used 48398K [0x0000000081200000, 0x000000008aa80000, 0x00000000d5b80000)
  object space 156160K, 30% used [0x0000000081200000,0x0000000084143a68,0x000000008aa80000)
 Metaspace       used 68958K, capacity 72694K, committed 72832K, reserved 1112064K
  class space    used 9151K, capacity 9774K, committed 9856K, reserved 1048576K
}
Event: 410.878 GC heap before
{Heap before GC invocations=29 (full 3):
 PSYoungGen      total 407552K, used 407419K [0x00000000d5b80000, 0x00000000f4180000, 0x0000000100000000)
  eden space 396288K, 100% used [0x00000000d5b80000,0x00000000ede80000,0x00000000ede80000)
  from space 11264K, 98% used [0x00000000f2500000,0x00000000f2fdedc8,0x00000000f3000000)
  to   space 17920K, 0% used [0x00000000f3000000,0x00000000f3000000,0x00000000f4180000)
 ParOldGen       total 156160K, used 48398K [0x0000000081200000, 0x000000008aa80000, 0x00000000d5b80000)
  object space 156160K, 30% used [0x0000000081200000,0x0000000084143a68,0x000000008aa80000)
 Metaspace       used 68958K, capacity 72694K, committed 72832K, reserved 1112064K
  class space    used 9151K, capacity 9774K, committed 9856K, reserved 1048576K
Event: 410.888 GC heap after
Heap after GC invocations=29 (full 3):
 PSYoungGen      total 392192K, used 11179K [0x00000000d5b80000, 0x00000000f3b00000, 0x0000000100000000)
  eden space 380928K, 0% used [0x00000000d5b80000,0x00000000d5b80000,0x00000000ecf80000)
  from space 11264K, 99% used [0x00000000f3000000,0x00000000f3aeadb8,0x00000000f3b00000)
  to   space 18432K, 0% used [0x00000000f1700000,0x00000000f1700000,0x00000000f2900000)
 ParOldGen       total 156160K, used 48398K [0x0000000081200000, 0x000000008aa80000, 0x00000000d5b80000)
  object space 156160K, 30% used [0x0000000081200000,0x0000000084143a68,0x000000008aa80000)
 Metaspace       used 68958K, capacity 72694K, committed 72832K, reserved 1112064K
  class space    used 9151K, capacity 9774K, committed 9856K, reserved 1048576K
}
Event: 424.131 GC heap before
{Heap before GC invocations=30 (full 3):
 PSYoungGen      total 392192K, used 392107K [0x00000000d5b80000, 0x00000000f3b00000, 0x0000000100000000)
  eden space 380928K, 100% used [0x00000000d5b80000,0x00000000ecf80000,0x00000000ecf80000)
  from space 11264K, 99% used [0x00000000f3000000,0x00000000f3aeadb8,0x00000000f3b00000)
  to   space 18432K, 0% used [0x00000000f1700000,0x00000000f1700000,0x00000000f2900000)
 ParOldGen       total 156160K, used 48398K [0x0000000081200000, 0x000000008aa80000, 0x00000000d5b80000)
  object space 156160K, 30% used [0x0000000081200000,0x0000000084143a68,0x000000008aa80000)
 Metaspace       used 68958K, capacity 72694K, committed 72832K, reserved 1112064K
  class space    used 9151K, capacity 9774K, committed 9856K, reserved 1048576K
Event: 424.154 GC heap after
Heap after GC invocations=30 (full 3):
 PSYoungGen      total 377344K, used 11243K [0x00000000d5b80000, 0x00000000f3080000, 0x0000000100000000)
  eden space 366080K, 0% used [0x00000000d5b80000,0x00000000d5b80000,0x00000000ec100000)
  from space 11264K, 99% used [0x00000000f1700000,0x00000000f21fadb8,0x00000000f2200000)
  to   space 14848K, 0% used [0x00000000f2200000,0x00000000f2200000,0x00000000f3080000)
 ParOldGen       total 156160K, used 48406K [0x0000000081200000, 0x000000008aa80000, 0x00000000d5b80000)
  object space 156160K, 30% used [0x0000000081200000,0x0000000084145a68,0x000000008aa80000)
 Metaspace       used 68958K, capacity 72694K, committed 72832K, reserved 1112064K
  class space    used 9151K, capacity 9774K, committed 9856K, reserved 1048576K
}

