# JRE version: OpenJDK Runtime Environment (8.0_191-b12) (build 1.8.0_191-b12)
# Java VM: OpenJDK 64-Bit Server VM (25.191-b12 mixed mode linux-amd64 compressed oops)
Heap:
 PSYoungGen      total 302592K, used 59791K [0x00000000ec700000, 0x0000000100000000, 0x0000000100000000)
  eden space 287232K, 17% used [0x00000000ec700000,0x00000000ef8db7d0,0x00000000fdf80000)
  from space 15360K, 56% used [0x00000000fef00000,0x00000000ff788550,0x00000000ffe00000)
  to   space 15872K, 0% used [0x00000000fdf80000,0x00000000fdf80000,0x00000000fef00000)
 ParOldGen       total 79872K, used 48451K [0x00000000c5400000, 0x00000000ca200000, 0x00000000ec700000)
  object space 79872K, 60% used [0x00000000c5400000,0x00000000c8350d10,0x00000000ca200000)
 Metaspace       used 72933K, capacity 76036K, committed 76160K, reserved 1116160K
  class space    used 8993K, capacity 9590K, committed 9600K, reserved 1048576K
GC Heap History (86 events):
Event: 0.265 GC heap before
{Heap before GC invocations=1 (full 0):
 PSYoungGen      total 17920K, used 15360K [0x00000000ec700000, 0x00000000edb00000, 0x0000000100000000)
  eden space 15360K, 100% used [0x00000000ec700000,0x00000000ed600000,0x00000000ed600000)
  from space 2560K, 0% used [0x00000000ed880000,0x00000000ed880000,0x00000000edb00000)
  to   space 2560K, 0% used [0x00000000ed600000,0x00000000ed600000,0x00000000ed880000)
 ParOldGen       total 40960K, used 0K [0x00000000c5400000, 0x00000000c7c00000, 0x00000000ec700000)
  object space 40960K, 0% used [0x00000000c5400000,0x00000000c5400000,0x00000000c7c00000)
 Metaspace       used 4474K, capacity 4882K, committed 5120K, reserved 1056768K
  class space    used 432K, capacity 497K, committed 512K, reserved 1048576K
Event: 0.268 GC heap after
Heap after GC invocations=1 (full 0):
 PSYoungGen      total 17920K, used 1664K [0x00000000ec700000, 0x00000000edb00000, 0x0000000100000000)
  eden space 15360K, 0% used [0x00000000ec700000,0x00000000ec700000,0x00000000ed600000)
  from space 2560K, 65% used [0x00000000ed600000,0x00000000ed7a0000,0x00000000ed880000)
  to   space 2560K, 0% used [0x00000000ed880000,0x00000000ed880000,0x00000000edb00000)
 ParOldGen       total 40960K, used 8K [0x00000000c5400000, 0x00000000c7c00000, 0x00000000ec700000)
  object space 40960K, 0% used [0x00000000c5400000,0x00000000c5402000,0x00000000c7c00000)
 Metaspace       used 4474K, capacity 4882K, committed 5120K, reserved 1056768K
  class space    used 432K, capacity 497K, committed 512K, reserved 1048576K
}
Event: 0.361 GC heap before
{Heap before GC invocations=2 (full 0):
 PSYoungGen      total 17920K, used 17024K [0x00000000ec700000, 0x00000000edb00000, 0x0000000100000000)
  eden space 15360K, 100% used [0x00000000ec700000,0x00000000ed600000,0x00000000ed600000)
  from space 2560K, 65% used [0x00000000ed600000,0x00000000ed7a0000,0x00000000ed880000)
  to   space 2560K, 0% used [0x00000000ed880000,0x00000000ed880000,0x00000000edb00000)
 ParOldGen       total 40960K, used 8K [0x00000000c5400000, 0x00000000c7c00000, 0x00000000ec700000)
  object space 40960K, 0% used [0x00000000c5400000,0x00000000c5402000,0x00000000c7c00000)
 Metaspace       used 5646K, capacity 5892K, committed 6016K, reserved 1056768K
  class space    used 530K, capacity 622K, committed 640K, reserved 1048576K
Event: 0.363 GC heap after
Heap after GC invocations=2 (full 0):
 PSYoungGen      total 17920K, used 2366K [0x00000000ec700000, 0x00000000eea00000, 0x0000000100000000)
  eden space 15360K, 0% used [0x00000000ec700000,0x00000000ec700000,0x00000000ed600000)
  from space 2560K, 92% used [0x00000000ed880000,0x00000000edacfb28,0x00000000edb00000)
  to   space 2560K, 0% used [0x00000000ed600000,0x00000000ed600000,0x00000000ed880000)
 ParOldGen       total 40960K, used 16K [0x00000000c5400000, 0x00000000c7c00000, 0x00000000ec700000)
  object space 40960K, 0% used [0x00000000c5400000,0x00000000c5404000,0x00000000c7c00000)
 Metaspace       used 5646K, capacity 5892K, committed 6016K, reserved 1056768K
  class space    used 530K, capacity 622K, committed 640K, reserved 1048576K
}
Event: 0.419 GC heap before
{Heap before GC invocations=3 (full 0):
 PSYoungGen      total 17920K, used 17726K [0x00000000ec700000, 0x00000000eea00000, 0x0000000100000000)
  eden space 15360K, 100% used [0x00000000ec700000,0x00000000ed600000,0x00000000ed600000)
  from space 2560K, 92% used [0x00000000ed880000,0x00000000edacfb28,0x00000000edb00000)
  to   space 2560K, 0% used [0x00000000ed600000,0x00000000ed600000,0x00000000ed880000)
 ParOldGen       total 40960K, used 16K [0x00000000c5400000, 0x00000000c7c00000, 0x00000000ec700000)
  object space 40960K, 0% used [0x00000000c5400000,0x00000000c5404000,0x00000000c7c00000)
 Metaspace       used 6123K, capacity 6376K, committed 6656K, reserved 1056768K
  class space    used 582K, capacity 656K, committed 768K, reserved 1048576K
Event: 0.422 GC heap after
Heap after GC invocations=3 (full 0):
 PSYoungGen      total 17920K, used 2419K [0x00000000ec700000, 0x00000000eea00000, 0x0000000100000000)
  eden space 15360K, 0% used [0x00000000ec700000,0x00000000ec700000,0x00000000ed600000)
  from space 2560K, 94% used [0x00000000ed600000,0x00000000ed85ccc8,0x00000000ed880000)
  to   space 2560K, 0% used [0x00000000ee780000,0x00000000ee780000,0x00000000eea00000)
 ParOldGen       total 40960K, used 24K [0x00000000c5400000, 0x00000000c7c00000, 0x00000000ec700000)
  object space 40960K, 0% used [0x00000000c5400000,0x00000000c5406000,0x00000000c7c00000)
 Metaspace       used 6123K, capacity 6376K, committed 6656K, reserved 1056768K
  class space    used 582K, capacity 656K, committed 768K, reserved 1048576K
}
Event: 0.448 GC heap before
{Heap before GC invocations=4 (full 0):
 PSYoungGen      total 17920K, used 17779K [0x00000000ec700000, 0x00000000eea00000, 0x0000000100000000)
  eden space 15360K, 100% used [0x00000000ec700000,0x00000000ed600000,0x00000000ed600000)
  from space 2560K, 94% used [0x00000000ed600000,0x00000000ed85ccc8,0x00000000ed880000)
  to   space 2560K, 0% used [0x00000000ee780000,0x00000000ee780000,0x00000000eea00000)
 ParOldGen       total 40960K, used 24K [0x00000000c5400000, 0x00000000c7c00000, 0x00000000ec700000)
  object space 40960K, 0% used [0x00000000c5400000,0x00000000c5406000,0x00000000c7c00000)
 Metaspace       used 6227K, capacity 6472K, committed 6656K, reserved 1056768K
  class space    used 595K, capacity 688K, committed 768K, reserved 1048576K
Event: 0.450 GC heap after
Heap after GC invocations=4 (full 0):
 PSYoungGen      total 33280K, used 2368K [0x00000000ec700000, 0x00000000eea00000, 0x0000000100000000)
  eden space 30720K, 0% used [0x00000000ec700000,0x00000000ec700000,0x00000000ee500000)
  from space 2560K, 92% used [0x00000000ee780000,0x00000000ee9d0020,0x00000000eea00000)
  to   space 2560K, 0% used [0x00000000ee500000,0x00000000ee500000,0x00000000ee780000)
 ParOldGen       total 40960K, used 32K [0x00000000c5400000, 0x00000000c7c00000, 0x00000000ec700000)
  object space 40960K, 0% used [0x00000000c5400000,0x00000000c5408000,0x00000000c7c00000)
 Metaspace       used 6227K, capacity 6472K, committed 6656K, reserved 1056768K
  class space    used 595K, capacity 688K, committed 768K, reserved 1048576K
}
Event: 0.530 GC heap before
{Heap before GC invocations=5 (full 0):
 PSYoungGen      total 33280K, used 33088K [0x00000000ec700000, 0x00000000eea00000, 0x0000000100000000)
  eden space 30720K, 100% used [0x00000000ec700000,0x00000000ee500000,0x00000000ee500000)
  from space 2560K, 92% used [0x00000000ee780000,0x00000000ee9d0020,0x00000000eea00000)
  to   space 2560K, 0% used [0x00000000ee500000,0x00000000ee500000,0x00000000ee780000)
 ParOldGen       total 40960K, used 32K [0x00000000c5400000, 0x00000000c7c00000, 0x00000000ec700000)
  object space 40960K, 0% used [0x00000000c5400000,0x00000000c5408000,0x00000000c7c00000)
 Metaspace       used 6527K, capacity 6772K, committed 6912K, reserved 1056768K
  class space    used 631K, capacity 726K, committed 768K, reserved 1048576K
Event: 0.533 GC heap after
Heap after GC invocations=5 (full 0):
 PSYoungGen      total 33280K, used 2546K [0x00000000ec700000, 0x00000000f0900000, 0x0000000100000000)
  eden space 30720K, 0% used [0x00000000ec700000,0x00000000ec700000,0x00000000ee500000)
  from space 2560K, 99% used [0x00000000ee500000,0x00000000ee77c8d0,0x00000000ee780000)
  to   space 3072K, 0% used [0x00000000f0600000,0x00000000f0600000,0x00000000f0900000)
 ParOldGen       total 40960K, used 201K [0x00000000c5400000, 0x00000000c7c00000, 0x00000000ec700000)
  object space 40960K, 0% used [0x00000000c5400000,0x00000000c5432678,0x00000000c7c00000)
 Metaspace       used 6527K, capacity 6772K, committed 6912K, reserved 1056768K
  class space    used 631K, capacity 726K, committed 768K, reserved 1048576K
}
Event: 0.612 GC heap before
{Heap before GC invocations=6 (full 0):
 PSYoungGen      total 33280K, used 33266K [0x00000000ec700000, 0x00000000f0900000, 0x0000000100000000)
  eden space 30720K, 100% used [0x00000000ec700000,0x00000000ee500000,0x00000000ee500000)
  from space 2560K, 99% used [0x00000000ee500000,0x00000000ee77c8d0,0x00000000ee780000)
  to   space 3072K, 0% used [0x00000000f0600000,0x00000000f0600000,0x00000000f0900000)
 ParOldGen       total 40960K, used 201K [0x00000000c5400000, 0x00000000c7c00000, 0x00000000ec700000)
  object space 40960K, 0% used [0x00000000c5400000,0x00000000c5432678,0x00000000c7c00000)
 Metaspace       used 7100K, capacity 7294K, committed 7552K, reserved 1056768K
  class space    used 704K, capacity 791K, committed 896K, reserved 1048576K
Event: 0.615 GC heap after
Heap after GC invocations=6 (full 0):
 PSYoungGen      total 64000K, used 2813K [0x00000000ec700000, 0x00000000f0a00000, 0x0000000100000000)
  eden space 60928K, 0% used [0x00000000ec700000,0x00000000ec700000,0x00000000f0280000)
  from space 3072K, 91% used [0x00000000f0600000,0x00000000f08bf670,0x00000000f0900000)
  to   space 3584K, 0% used [0x00000000f0280000,0x00000000f0280000,0x00000000f0600000)
 ParOldGen       total 40960K, used 209K [0x00000000c5400000, 0x00000000c7c00000, 0x00000000ec700000)
  object space 40960K, 0% used [0x00000000c5400000,0x00000000c5434678,0x00000000c7c00000)
 Metaspace       used 7100K, capacity 7294K, committed 7552K, reserved 1056768K
  class space    used 704K, capacity 791K, committed 896K, reserved 1048576K
}
Event: 0.783 GC heap before
{Heap before GC invocations=7 (full 0):
 PSYoungGen      total 64000K, used 63741K [0x00000000ec700000, 0x00000000f0a00000, 0x0000000100000000)
  eden space 60928K, 100% used [0x00000000ec700000,0x00000000f0280000,0x00000000f0280000)
  from space 3072K, 91% used [0x00000000f0600000,0x00000000f08bf670,0x00000000f0900000)
  to   space 3584K, 0% used [0x00000000f0280000,0x00000000f0280000,0x00000000f0600000)
 ParOldGen       total 40960K, used 209K [0x00000000c5400000, 0x00000000c7c00000, 0x00000000ec700000)
  object space 40960K, 0% used [0x00000000c5400000,0x00000000c5434678,0x00000000c7c00000)
 Metaspace       used 8878K, capacity 9246K, committed 9600K, reserved 1058816K
  class space    used 912K, capacity 1033K, committed 1152K, reserved 1048576K
Event: 0.787 GC heap after
Heap after GC invocations=7 (full 0):
 PSYoungGen      total 64512K, used 1299K [0x00000000ec700000, 0x00000000f4500000, 0x0000000100000000)
  eden space 60928K, 0% used [0x00000000ec700000,0x00000000ec700000,0x00000000f0280000)
  from space 3584K, 36% used [0x00000000f0280000,0x00000000f03c4d78,0x00000000f0600000)
  to   space 3584K, 0% used [0x00000000f4180000,0x00000000f4180000,0x00000000f4500000)
 ParOldGen       total 40960K, used 2359K [0x00000000c5400000, 0x00000000c7c00000, 0x00000000ec700000)
  object space 40960K, 5% used [0x00000000c5400000,0x00000000c564dce0,0x00000000c7c00000)
 Metaspace       used 8878K, capacity 9246K, committed 9600K, reserved 1058816K
  class space    used 912K, capacity 1033K, committed 1152K, reserved 1048576K
}
Event: 0.854 GC heap before
{Heap before GC invocations=8 (full 0):
 PSYoungGen      total 64512K, used 62227K [0x00000000ec700000, 0x00000000f4500000, 0x0000000100000000)
  eden space 60928K, 100% used [0x00000000ec700000,0x00000000f0280000,0x00000000f0280000)
  from space 3584K, 36% used [0x00000000f0280000,0x00000000f03c4d78,0x00000000f0600000)
  to   space 3584K, 0% used [0x00000000f4180000,0x00000000f4180000,0x00000000f4500000)
 ParOldGen       total 40960K, used 2359K [0x00000000c5400000, 0x00000000c7c00000, 0x00000000ec700000)
  object space 40960K, 5% used [0x00000000c5400000,0x00000000c564dce0,0x00000000c7c00000)
 Metaspace       used 9650K, capacity 10088K, committed 10240K, reserved 1058816K
  class space    used 1021K, capacity 1162K, committed 1280K, reserved 1048576K
Event: 0.857 GC heap after
Heap after GC invocations=8 (full 0):
 PSYoungGen      total 125440K, used 1278K [0x00000000ec700000, 0x00000000f4500000, 0x0000000100000000)
  eden space 121856K, 0% used [0x00000000ec700000,0x00000000ec700000,0x00000000f3e00000)
  from space 3584K, 35% used [0x00000000f4180000,0x00000000f42bf928,0x00000000f4500000)
  to   space 3584K, 0% used [0x00000000f3e00000,0x00000000f3e00000,0x00000000f4180000)
 ParOldGen       total 40960K, used 2495K [0x00000000c5400000, 0x00000000c7c00000, 0x00000000ec700000)
  object space 40960K, 6% used [0x00000000c5400000,0x00000000c566fce0,0x00000000c7c00000)
 Metaspace       used 9650K, capacity 10088K, committed 10240K, reserved 1058816K
  class space    used 1021K, capacity 1162K, committed 1280K, reserved 1048576K
}
Event: 1.002 GC heap before
{Heap before GC invocations=9 (full 0):
 PSYoungGen      total 125440K, used 123134K [0x00000000ec700000, 0x00000000f4500000, 0x0000000100000000)
  eden space 121856K, 100% used [0x00000000ec700000,0x00000000f3e00000,0x00000000f3e00000)
  from space 3584K, 35% used [0x00000000f4180000,0x00000000f42bf928,0x00000000f4500000)
  to   space 3584K, 0% used [0x00000000f3e00000,0x00000000f3e00000,0x00000000f4180000)
 ParOldGen       total 40960K, used 2495K [0x00000000c5400000, 0x00000000c7c00000, 0x00000000ec700000)
  object space 40960K, 6% used [0x00000000c5400000,0x00000000c566fce0,0x00000000c7c00000)
 Metaspace       used 11531K, capacity 11932K, committed 12160K, reserved 1060864K
  class space    used 1217K, capacity 1328K, committed 1408K, reserved 1048576K
Event: 1.005 GC heap after
Heap after GC invocations=9 (full 0):
 PSYoungGen      total 125440K, used 2047K [0x00000000ec700000, 0x00000000f8c80000, 0x0000000100000000)
  eden space 121856K, 0% used [0x00000000ec700000,0x00000000ec700000,0x00000000f3e00000)
  from space 3584K, 57% used [0x00000000f3e00000,0x00000000f3ffff70,0x00000000f4180000)
  to   space 3584K, 0% used [0x00000000f8900000,0x00000000f8900000,0x00000000f8c80000)
 ParOldGen       total 40960K, used 2751K [0x00000000c5400000, 0x00000000c7c00000, 0x00000000ec700000)
  object space 40960K, 6% used [0x00000000c5400000,0x00000000c56afce0,0x00000000c7c00000)
 Metaspace       used 11531K, capacity 11932K, committed 12160K, reserved 1060864K
  class space    used 1217K, capacity 1328K, committed 1408K, reserved 1048576K
}
Event: 1.146 GC heap before
{Heap before GC invocations=10 (full 0):
 PSYoungGen      total 125440K, used 123903K [0x00000000ec700000, 0x00000000f8c80000, 0x0000000100000000)
  eden space 121856K, 100% used [0x00000000ec700000,0x00000000f3e00000,0x00000000f3e00000)
  from space 3584K, 57% used [0x00000000f3e00000,0x00000000f3ffff70,0x00000000f4180000)
  to   space 3584K, 0% used [0x00000000f8900000,0x00000000f8900000,0x00000000f8c80000)
 ParOldGen       total 40960K, used 2751K [0x00000000c5400000, 0x00000000c7c00000, 0x00000000ec700000)
  object space 40960K, 6% used [0x00000000c5400000,0x00000000c56afce0,0x00000000c7c00000)
 Metaspace       used 13178K, capacity 13720K, committed 13952K, reserved 1060864K
  class space    used 1471K, capacity 1628K, committed 1664K, reserved 1048576K
Event: 1.149 GC heap after
Heap after GC invocations=10 (full 0):
 PSYoungGen      total 198656K, used 1999K [0x00000000ec700000, 0x00000000f8c80000, 0x0000000100000000)
  eden space 195072K, 0% used [0x00000000ec700000,0x00000000ec700000,0x00000000f8580000)
  from space 3584K, 55% used [0x00000000f8900000,0x00000000f8af3ca0,0x00000000f8c80000)
  to   space 3584K, 0% used [0x00000000f8580000,0x00000000f8580000,0x00000000f8900000)
 ParOldGen       total 40960K, used 3380K [0x00000000c5400000, 0x00000000c7c00000, 0x00000000ec700000)
  object space 40960K, 8% used [0x00000000c5400000,0x00000000c574d170,0x00000000c7c00000)
 Metaspace       used 13178K, capacity 13720K, committed 13952K, reserved 1060864K
  class space    used 1471K, capacity 1628K, committed 1664K, reserved 1048576K
}
Event: 1.329 GC heap before
{Heap before GC invocations=11 (full 0):
 PSYoungGen      total 198656K, used 197071K [0x00000000ec700000, 0x00000000f8c80000, 0x0000000100000000)
  eden space 195072K, 100% used [0x00000000ec700000,0x00000000f8580000,0x00000000f8580000)
  from space 3584K, 55% used [0x00000000f8900000,0x00000000f8af3ca0,0x00000000f8c80000)
  to   space 3584K, 0% used [0x00000000f8580000,0x00000000f8580000,0x00000000f8900000)
 ParOldGen       total 40960K, used 3380K [0x00000000c5400000, 0x00000000c7c00000, 0x00000000ec700000)
  object space 40960K, 8% used [0x00000000c5400000,0x00000000c574d170,0x00000000c7c00000)
 Metaspace       used 15029K, capacity 15644K, committed 15872K, reserved 1062912K
  class space    used 1814K, capacity 1946K, committed 2048K, reserved 1048576K
Event: 1.334 GC heap after
Heap after GC invocations=11 (full 0):
 PSYoungGen      total 198656K, used 2178K [0x00000000ec700000, 0x00000000fff00000, 0x0000000100000000)
  eden space 195072K, 0% used [0x00000000ec700000,0x00000000ec700000,0x00000000f8580000)
  from space 3584K, 60% used [0x00000000f8580000,0x00000000f87a0870,0x00000000f8900000)
  to   space 3584K, 0% used [0x00000000ffb80000,0x00000000ffb80000,0x00000000fff00000)
 ParOldGen       total 40960K, used 4233K [0x00000000c5400000, 0x00000000c7c00000, 0x00000000ec700000)
  object space 40960K, 10% used [0x00000000c5400000,0x00000000c58226b0,0x00000000c7c00000)
 Metaspace       used 15029K, capacity 15644K, committed 15872K, reserved 1062912K
  class space    used 1814K, capacity 1946K, committed 2048K, reserved 1048576K
}
Event: 1.542 GC heap before
{Heap before GC invocations=12 (full 0):
 PSYoungGen      total 198656K, used 197250K [0x00000000ec700000, 0x00000000fff00000, 0x0000000100000000)
  eden space 195072K, 100% used [0x00000000ec700000,0x00000000f8580000,0x00000000f8580000)
  from space 3584K, 60% used [0x00000000f8580000,0x00000000f87a0870,0x00000000f8900000)
  to   space 3584K, 0% used [0x00000000ffb80000,0x00000000ffb80000,0x00000000fff00000)
 ParOldGen       total 40960K, used 4233K [0x00000000c5400000, 0x00000000c7c00000, 0x00000000ec700000)
  object space 40960K, 10% used [0x00000000c5400000,0x00000000c58226b0,0x00000000c7c00000)
 Metaspace       used 17838K, capacity 18436K, committed 18816K, reserved 1064960K
  class space    used 2148K, capacity 2320K, committed 2432K, reserved 1048576K
Event: 1.546 GC heap after
Heap after GC invocations=12 (full 0):
 PSYoungGen      total 315904K, used 3008K [0x00000000ec700000, 0x00000000fff00000, 0x0000000100000000)
  eden space 312320K, 0% used [0x00000000ec700000,0x00000000ec700000,0x00000000ff800000)
  from space 3584K, 83% used [0x00000000ffb80000,0x00000000ffe70268,0x00000000fff00000)
  to   space 3584K, 0% used [0x00000000ff800000,0x00000000ff800000,0x00000000ffb80000)
 ParOldGen       total 40960K, used 5079K [0x00000000c5400000, 0x00000000c7c00000, 0x00000000ec700000)
  object space 40960K, 12% used [0x00000000c5400000,0x00000000c58f5f00,0x00000000c7c00000)
 Metaspace       used 17838K, capacity 18436K, committed 18816K, reserved 1064960K
  class space    used 2148K, capacity 2320K, committed 2432K, reserved 1048576K
}
Event: 1.678 GC heap before
{Heap before GC invocations=13 (full 0):
 PSYoungGen      total 315904K, used 138010K [0x00000000ec700000, 0x00000000fff00000, 0x0000000100000000)
  eden space 312320K, 43% used [0x00000000ec700000,0x00000000f4ad6990,0x00000000ff800000)
  from space 3584K, 83% used [0x00000000ffb80000,0x00000000ffe70268,0x00000000fff00000)
  to   space 3584K, 0% used [0x00000000ff800000,0x00000000ff800000,0x00000000ffb80000)
 ParOldGen       total 40960K, used 5079K [0x00000000c5400000, 0x00000000c7c00000, 0x00000000ec700000)
  object space 40960K, 12% used [0x00000000c5400000,0x00000000c58f5f00,0x00000000c7c00000)
 Metaspace       used 20455K, capacity 21066K, committed 21296K, reserved 1069056K
  class space    used 2478K, capacity 2617K, committed 2688K, reserved 1048576K
Event: 1.683 GC heap after
Heap after GC invocations=13 (full 0):
 PSYoungGen      total 315904K, used 3102K [0x00000000ec700000, 0x0000000100000000, 0x0000000100000000)
  eden space 312320K, 0% used [0x00000000ec700000,0x00000000ec700000,0x00000000ff800000)
  from space 3584K, 86% used [0x00000000ff800000,0x00000000ffb078a0,0x00000000ffb80000)
  to   space 3584K, 0% used [0x00000000ffc80000,0x00000000ffc80000,0x0000000100000000)
 ParOldGen       total 40960K, used 5631K [0x00000000c5400000, 0x00000000c7c00000, 0x00000000ec700000)
  object space 40960K, 13% used [0x00000000c5400000,0x00000000c597ff00,0x00000000c7c00000)
 Metaspace       used 20455K, capacity 21066K, committed 21296K, reserved 1069056K
  class space    used 2478K, capacity 2617K, committed 2688K, reserved 1048576K
}
Event: 1.683 GC heap before
{Heap before GC invocations=14 (full 1):
 PSYoungGen      total 315904K, used 3102K [0x00000000ec700000, 0x0000000100000000, 0x0000000100000000)
  eden space 312320K, 0% used [0x00000000ec700000,0x00000000ec700000,0x00000000ff800000)
  from space 3584K, 86% used [0x00000000ff800000,0x00000000ffb078a0,0x00000000ffb80000)
  to   space 3584K, 0% used [0x00000000ffc80000,0x00000000ffc80000,0x0000000100000000)
 ParOldGen       total 40960K, used 5631K [0x00000000c5400000, 0x00000000c7c00000, 0x00000000ec700000)
  object space 40960K, 13% used [0x00000000c5400000,0x00000000c597ff00,0x00000000c7c00000)
 Metaspace       used 20455K, capacity 21066K, committed 21296K, reserved 1069056K
  class space    used 2478K, capacity 2617K, committed 2688K, reserved 1048576K
Event: 1.728 GC heap after
Heap after GC invocations=14 (full 1):
 PSYoungGen      total 315904K, used 0K [0x00000000ec700000, 0x0000000100000000, 0x0000000100000000)
  eden space 312320K, 0% used [0x00000000ec700000,0x00000000ec700000,0x00000000ff800000)
  from space 3584K, 0% used [0x00000000ff800000,0x00000000ff800000,0x00000000ffb80000)
  to   space 3584K, 0% used [0x00000000ffc80000,0x00000000ffc80000,0x0000000100000000)
 ParOldGen       total 32256K, used 7898K [0x00000000c5400000, 0x00000000c7380000, 0x00000000ec700000)
  object space 32256K, 24% used [0x00000000c5400000,0x00000000c5bb6a28,0x00000000c7380000)
 Metaspace       used 20455K, capacity 21066K, committed 21296K, reserved 1069056K
  class space    used 2478K, capacity 2617K, committed 2688K, reserved 1048576K
}
Event: 2.142 GC heap before
{Heap before GC invocations=15 (full 1):
 PSYoungGen      total 315904K, used 312320K [0x00000000ec700000, 0x0000000100000000, 0x0000000100000000)
  eden space 312320K, 100% used [0x00000000ec700000,0x00000000ff800000,0x00000000ff800000)
  from space 3584K, 0% used [0x00000000ff800000,0x00000000ff800000,0x00000000ffb80000)
  to   space 3584K, 0% used [0x00000000ffc80000,0x00000000ffc80000,0x0000000100000000)
 ParOldGen       total 32256K, used 7898K [0x00000000c5400000, 0x00000000c7380000, 0x00000000ec700000)
  object space 32256K, 24% used [0x00000000c5400000,0x00000000c5bb6a28,0x00000000c7380000)
 Metaspace       used 24220K, capacity 24926K, committed 25216K, reserved 1071104K
  class space    used 2989K, capacity 3167K, committed 3200K, reserved 1048576K
Event: 2.150 GC heap after
Heap after GC invocations=15 (full 1):
 PSYoungGen      total 315904K, used 3578K [0x00000000ec700000, 0x0000000100000000, 0x0000000100000000)
  eden space 312320K, 0% used [0x00000000ec700000,0x00000000ec700000,0x00000000ff800000)
  from space 3584K, 99% used [0x00000000ffc80000,0x00000000ffffebe8,0x0000000100000000)
  to   space 4096K, 0% used [0x00000000ff800000,0x00000000ff800000,0x00000000ffc00000)
 ParOldGen       total 32256K, used 8402K [0x00000000c5400000, 0x00000000c7380000, 0x00000000ec700000)
  object space 32256K, 26% used [0x00000000c5400000,0x00000000c5c34b10,0x00000000c7380000)
 Metaspace       used 24220K, capacity 24926K, committed 25216K, reserved 1071104K
  class space    used 2989K, capacity 3167K, committed 3200K, reserved 1048576K
}
Event: 2.741 GC heap before
{Heap before GC invocations=16 (full 1):
 PSYoungGen      total 315904K, used 315898K [0x00000000ec700000, 0x0000000100000000, 0x0000000100000000)
  eden space 312320K, 100% used [0x00000000ec700000,0x00000000ff800000,0x00000000ff800000)
  from space 3584K, 99% used [0x00000000ffc80000,0x00000000ffffebe8,0x0000000100000000)
  to   space 4096K, 0% used [0x00000000ff800000,0x00000000ff800000,0x00000000ffc00000)
 ParOldGen       total 32256K, used 8402K [0x00000000c5400000, 0x00000000c7380000, 0x00000000ec700000)
  object space 32256K, 26% used [0x00000000c5400000,0x00000000c5c34b10,0x00000000c7380000)
 Metaspace       used 27232K, capacity 28110K, committed 28160K, reserved 1073152K
  class space    used 3354K, capacity 3553K, committed 3584K, reserved 1048576K
Event: 2.751 GC heap after
Heap after GC invocations=16 (full 1):
 PSYoungGen      total 316416K, used 4067K [0x00000000ec700000, 0x0000000100000000, 0x0000000100000000)
  eden space 312320K, 0% used [0x00000000ec700000,0x00000000ec700000,0x00000000ff800000)
  from space 4096K, 99% used [0x00000000ff800000,0x00000000ffbf8e80,0x00000000ffc00000)
  to   space 4096K, 0% used [0x00000000ffc00000,0x00000000ffc00000,0x0000000100000000)
 ParOldGen       total 32256K, used 15842K [0x00000000c5400000, 0x00000000c7380000, 0x00000000ec700000)
  object space 32256K, 49% used [0x00000000c5400000,0x00000000c63789b8,0x00000000c7380000)
 Metaspace       used 27232K, capacity 28110K, committed 28160K, reserved 1073152K
  class space    used 3354K, capacity 3553K, committed 3584K, reserved 1048576K
}
Event: 3.143 GC heap before
{Heap before GC invocations=17 (full 1):
 PSYoungGen      total 316416K, used 316387K [0x00000000ec700000, 0x0000000100000000, 0x0000000100000000)
  eden space 312320K, 100% used [0x00000000ec700000,0x00000000ff800000,0x00000000ff800000)
  from space 4096K, 99% used [0x00000000ff800000,0x00000000ffbf8e80,0x00000000ffc00000)
  to   space 4096K, 0% used [0x00000000ffc00000,0x00000000ffc00000,0x0000000100000000)
 ParOldGen       total 32256K, used 15842K [0x00000000c5400000, 0x00000000c7380000, 0x00000000ec700000)
  object space 32256K, 49% used [0x00000000c5400000,0x00000000c63789b8,0x00000000c7380000)
 Metaspace       used 28901K, capacity 29852K, committed 29952K, reserved 1075200K
  class space    used 3560K, capacity 3768K, committed 3840K, reserved 1048576K
Event: 3.150 GC heap after
Heap after GC invocations=17 (full 1):
 PSYoungGen      total 310272K, used 3580K [0x00000000ec700000, 0x0000000100000000, 0x0000000100000000)
  eden space 306176K, 0% used [0x00000000ec700000,0x00000000ec700000,0x00000000ff200000)
  from space 4096K, 87% used [0x00000000ffc00000,0x00000000fff7f390,0x0000000100000000)
  to   space 7168K, 0% used [0x00000000ff200000,0x00000000ff200000,0x00000000ff900000)
 ParOldGen       total 32256K, used 19556K [0x00000000c5400000, 0x00000000c7380000, 0x00000000ec700000)
  object space 32256K, 60% used [0x00000000c5400000,0x00000000c67190e8,0x00000000c7380000)
 Metaspace       used 28901K, capacity 29852K, committed 29952K, reserved 1075200K
  class space    used 3560K, capacity 3768K, committed 3840K, reserved 1048576K
}
Event: 3.629 GC heap before
{Heap before GC invocations=18 (full 1):
 PSYoungGen      total 310272K, used 309756K [0x00000000ec700000, 0x0000000100000000, 0x0000000100000000)
  eden space 306176K, 100% used [0x00000000ec700000,0x00000000ff200000,0x00000000ff200000)
  from space 4096K, 87% used [0x00000000ffc00000,0x00000000fff7f390,0x0000000100000000)
  to   space 7168K, 0% used [0x00000000ff200000,0x00000000ff200000,0x00000000ff900000)
 ParOldGen       total 32256K, used 19556K [0x00000000c5400000, 0x00000000c7380000, 0x00000000ec700000)
  object space 32256K, 60% used [0x00000000c5400000,0x00000000c67190e8,0x00000000c7380000)
 Metaspace       used 30563K, capacity 31544K, committed 31744K, reserved 1077248K
  class space    used 3783K, capacity 3994K, committed 4096K, reserved 1048576K
Event: 3.636 GC heap after
Heap after GC invocations=18 (full 1):
 PSYoungGen      total 311296K, used 5036K [0x00000000ec700000, 0x0000000100000000, 0x0000000100000000)
  eden space 306176K, 0% used [0x00000000ec700000,0x00000000ec700000,0x00000000ff200000)
  from space 5120K, 98% used [0x00000000ff200000,0x00000000ff6eb350,0x00000000ff700000)
  to   space 7680K, 0% used [0x00000000ff880000,0x00000000ff880000,0x0000000100000000)
 ParOldGen       total 32256K, used 19564K [0x00000000c5400000, 0x00000000c7380000, 0x00000000ec700000)
  object space 32256K, 60% used [0x00000000c5400000,0x00000000c671b0e8,0x00000000c7380000)
 Metaspace       used 30563K, capacity 31544K, committed 31744K, reserved 1077248K
  class space    used 3783K, capacity 3994K, committed 4096K, reserved 1048576K
}
Event: 4.124 GC heap before
{Heap before GC invocations=19 (full 1):
 PSYoungGen      total 311296K, used 311212K [0x00000000ec700000, 0x0000000100000000, 0x0000000100000000)
  eden space 306176K, 100% used [0x00000000ec700000,0x00000000ff200000,0x00000000ff200000)
  from space 5120K, 98% used [0x00000000ff200000,0x00000000ff6eb350,0x00000000ff700000)
  to   space 7680K, 0% used [0x00000000ff880000,0x00000000ff880000,0x0000000100000000)
 ParOldGen       total 32256K, used 19564K [0x00000000c5400000, 0x00000000c7380000, 0x00000000ec700000)
  object space 32256K, 60% used [0x00000000c5400000,0x00000000c671b0e8,0x00000000c7380000)
 Metaspace       used 32373K, capacity 33420K, committed 33536K, reserved 1079296K
  class space    used 4050K, capacity 4264K, committed 4352K, reserved 1048576K
Event: 4.136 GC heap after
Heap after GC invocations=19 (full 1):
 PSYoungGen      total 311808K, used 6438K [0x00000000ec700000, 0x0000000100000000, 0x0000000100000000)
  eden space 304128K, 0% used [0x00000000ec700000,0x00000000ec700000,0x00000000ff000000)
  from space 7680K, 83% used [0x00000000ff880000,0x00000000ffec9980,0x0000000100000000)
  to   space 8192K, 0% used [0x00000000ff000000,0x00000000ff000000,0x00000000ff800000)
 ParOldGen       total 32256K, used 19572K [0x00000000c5400000, 0x00000000c7380000, 0x00000000ec700000)
  object space 32256K, 60% used [0x00000000c5400000,0x00000000c671d0e8,0x00000000c7380000)
 Metaspace       used 32373K, capacity 33420K, committed 33536K, reserved 1079296K
  class space    used 4050K, capacity 4264K, committed 4352K, reserved 1048576K
}
Event: 4.593 GC heap before
{Heap before GC invocations=20 (full 1):
 PSYoungGen      total 311808K, used 142079K [0x00000000ec700000, 0x0000000100000000, 0x0000000100000000)
  eden space 304128K, 44% used [0x00000000ec700000,0x00000000f4b76668,0x00000000ff000000)
  from space 7680K, 83% used [0x00000000ff880000,0x00000000ffec9980,0x0000000100000000)
  to   space 8192K, 0% used [0x00000000ff000000,0x00000000ff000000,0x00000000ff800000)
 ParOldGen       total 32256K, used 19572K [0x00000000c5400000, 0x00000000c7380000, 0x00000000ec700000)
  object space 32256K, 60% used [0x00000000c5400000,0x00000000c671d0e8,0x00000000c7380000)
 Metaspace       used 34222K, capacity 35312K, committed 35496K, reserved 1081344K
  class space    used 4255K, capacity 4526K, committed 4608K, reserved 1048576K
Event: 4.605 GC heap after
Heap after GC invocations=20 (full 1):
 PSYoungGen      total 310272K, used 6097K [0x00000000ec700000, 0x0000000100000000, 0x0000000100000000)
  eden space 304128K, 0% used [0x00000000ec700000,0x00000000ec700000,0x00000000ff000000)
  from space 6144K, 99% used [0x00000000ff000000,0x00000000ff5f47d0,0x00000000ff600000)
  to   space 8704K, 0% used [0x00000000ff780000,0x00000000ff780000,0x0000000100000000)
 ParOldGen       total 32256K, used 19580K [0x00000000c5400000, 0x00000000c7380000, 0x00000000ec700000)
  object space 32256K, 60% used [0x00000000c5400000,0x00000000c671f0e8,0x00000000c7380000)
 Metaspace       used 34222K, capacity 35312K, committed 35496K, reserved 1081344K
  class space    used 4255K, capacity 4526K, committed 4608K, reserved 1048576K
}
Event: 4.605 GC heap before
{Heap before GC invocations=21 (full 2):
 PSYoungGen      total 310272K, used 6097K [0x00000000ec700000, 0x0000000100000000, 0x0000000100000000)
  eden space 304128K, 0% used [0x00000000ec700000,0x00000000ec700000,0x00000000ff000000)
  from space 6144K, 99% used [0x00000000ff000000,0x00000000ff5f47d0,0x00000000ff600000)
  to   space 8704K, 0% used [0x00000000ff780000,0x00000000ff780000,0x0000000100000000)
 ParOldGen       total 32256K, used 19580K [0x00000000c5400000, 0x00000000c7380000, 0x00000000ec700000)
  object space 32256K, 60% used [0x00000000c5400000,0x00000000c671f0e8,0x00000000c7380000)
 Metaspace       used 34222K, capacity 35312K, committed 35496K, reserved 1081344K
  class space    used 4255K, capacity 4526K, committed 4608K, reserved 1048576K
Event: 4.668 GC heap after
Heap after GC invocations=21 (full 2):
 PSYoungGen      total 310272K, used 0K [0x00000000ec700000, 0x0000000100000000, 0x0000000100000000)
  eden space 304128K, 0% used [0x00000000ec700000,0x00000000ec700000,0x00000000ff000000)
  from space 6144K, 0% used [0x00000000ff000000,0x00000000ff000000,0x00000000ff600000)
  to   space 8704K, 0% used [0x00000000ff780000,0x00000000ff780000,0x0000000100000000)
 ParOldGen       total 59904K, used 20017K [0x00000000c5400000, 0x00000000c8e80000, 0x00000000ec700000)
  object space 59904K, 33% used [0x00000000c5400000,0x00000000c678c4e0,0x00000000c8e80000)
 Metaspace       used 34222K, capacity 35312K, committed 35496K, reserved 1081344K
  class space    used 4255K, capacity 4526K, committed 4608K, reserved 1048576K
}
Event: 5.158 GC heap before
{Heap before GC invocations=22 (full 2):
 PSYoungGen      total 310272K, used 304128K [0x00000000ec700000, 0x0000000100000000, 0x0000000100000000)
  eden space 304128K, 100% used [0x00000000ec700000,0x00000000ff000000,0x00000000ff000000)
  from space 6144K, 0% used [0x00000000ff000000,0x00000000ff000000,0x00000000ff600000)
  to   space 8704K, 0% used [0x00000000ff780000,0x00000000ff780000,0x0000000100000000)
 ParOldGen       total 59904K, used 20017K [0x00000000c5400000, 0x00000000c8e80000, 0x00000000ec700000)
  object space 59904K, 33% used [0x00000000c5400000,0x00000000c678c4e0,0x00000000c8e80000)
 Metaspace       used 35309K, capacity 36510K, committed 36648K, reserved 1081344K
  class space    used 4411K, capacity 4665K, committed 4736K, reserved 1048576K
Event: 5.164 GC heap after
Heap after GC invocations=22 (full 2):
 PSYoungGen      total 312320K, used 2400K [0x00000000ec700000, 0x0000000100000000, 0x0000000100000000)
  eden space 303616K, 0% used [0x00000000ec700000,0x00000000ec700000,0x00000000fef80000)
  from space 8704K, 27% used [0x00000000ff780000,0x00000000ff9d8000,0x0000000100000000)
  to   space 8192K, 0% used [0x00000000fef80000,0x00000000fef80000,0x00000000ff780000)
 ParOldGen       total 59904K, used 20025K [0x00000000c5400000, 0x00000000c8e80000, 0x00000000ec700000)
  object space 59904K, 33% used [0x00000000c5400000,0x00000000c678e4e0,0x00000000c8e80000)
 Metaspace       used 35309K, capacity 36510K, committed 36648K, reserved 1081344K
  class space    used 4411K, capacity 4665K, committed 4736K, reserved 1048576K
}
Event: 6.044 GC heap before
{Heap before GC invocations=23 (full 2):
 PSYoungGen      total 312320K, used 306016K [0x00000000ec700000, 0x0000000100000000, 0x0000000100000000)
  eden space 303616K, 100% used [0x00000000ec700000,0x00000000fef80000,0x00000000fef80000)
  from space 8704K, 27% used [0x00000000ff780000,0x00000000ff9d8000,0x0000000100000000)
  to   space 8192K, 0% used [0x00000000fef80000,0x00000000fef80000,0x00000000ff780000)
 ParOldGen       total 59904K, used 20025K [0x00000000c5400000, 0x00000000c8e80000, 0x00000000ec700000)
  object space 59904K, 33% used [0x00000000c5400000,0x00000000c678e4e0,0x00000000c8e80000)
 Metaspace       used 42063K, capacity 43310K, committed 43648K, reserved 1087488K
  class space    used 5137K, capacity 5409K, committed 5504K, reserved 1048576K
Event: 6.051 GC heap after
Heap after GC invocations=23 (full 2):
 PSYoungGen      total 311808K, used 7765K [0x00000000ec700000, 0x0000000100000000, 0x0000000100000000)
  eden space 303616K, 0% used [0x00000000ec700000,0x00000000ec700000,0x00000000fef80000)
  from space 8192K, 94% used [0x00000000fef80000,0x00000000ff715758,0x00000000ff780000)
  to   space 8704K, 0% used [0x00000000ff780000,0x00000000ff780000,0x0000000100000000)
 ParOldGen       total 59904K, used 20033K [0x00000000c5400000, 0x00000000c8e80000, 0x00000000ec700000)
  object space 59904K, 33% used [0x00000000c5400000,0x00000000c67904e0,0x00000000c8e80000)
 Metaspace       used 42063K, capacity 43310K, committed 43648K, reserved 1087488K
  class space    used 5137K, capacity 5409K, committed 5504K, reserved 1048576K
}
Event: 6.482 GC heap before
{Heap before GC invocations=24 (full 2):
 PSYoungGen      total 311808K, used 311381K [0x00000000ec700000, 0x0000000100000000, 0x0000000100000000)
  eden space 303616K, 100% used [0x00000000ec700000,0x00000000fef80000,0x00000000fef80000)
  from space 8192K, 94% used [0x00000000fef80000,0x00000000ff715758,0x00000000ff780000)
  to   space 8704K, 0% used [0x00000000ff780000,0x00000000ff780000,0x0000000100000000)
 ParOldGen       total 59904K, used 20033K [0x00000000c5400000, 0x00000000c8e80000, 0x00000000ec700000)
  object space 59904K, 33% used [0x00000000c5400000,0x00000000c67904e0,0x00000000c8e80000)
 Metaspace       used 43683K, capacity 44932K, committed 45312K, reserved 1089536K
  class space    used 5314K, capacity 5578K, committed 5632K, reserved 1048576K
Event: 6.489 GC heap after
Heap after GC invocations=24 (full 2):
 PSYoungGen      total 309760K, used 6701K [0x00000000ec700000, 0x0000000100000000, 0x0000000100000000)
  eden space 301056K, 0% used [0x00000000ec700000,0x00000000ec700000,0x00000000fed00000)
  from space 8704K, 76% used [0x00000000ff780000,0x00000000ffe0b5b8,0x0000000100000000)
  to   space 9728K, 0% used [0x00000000fed00000,0x00000000fed00000,0x00000000ff680000)
 ParOldGen       total 59904K, used 20041K [0x00000000c5400000, 0x00000000c8e80000, 0x00000000ec700000)
  object space 59904K, 33% used [0x00000000c5400000,0x00000000c67924e0,0x00000000c8e80000)
 Metaspace       used 43683K, capacity 44932K, committed 45312K, reserved 1089536K
  class space    used 5314K, capacity 5578K, committed 5632K, reserved 1048576K
}
Event: 7.075 GC heap before
{Heap before GC invocations=25 (full 2):
 PSYoungGen      total 309760K, used 307757K [0x00000000ec700000, 0x0000000100000000, 0x0000000100000000)
  eden space 301056K, 100% used [0x00000000ec700000,0x00000000fed00000,0x00000000fed00000)
  from space 8704K, 76% used [0x00000000ff780000,0x00000000ffe0b5b8,0x0000000100000000)
  to   space 9728K, 0% used [0x00000000fed00000,0x00000000fed00000,0x00000000ff680000)
 ParOldGen       total 59904K, used 20041K [0x00000000c5400000, 0x00000000c8e80000, 0x00000000ec700000)
  object space 59904K, 33% used [0x00000000c5400000,0x00000000c67924e0,0x00000000c8e80000)
 Metaspace       used 45948K, capacity 47384K, committed 47488K, reserved 1091584K
  class space    used 5637K, capacity 5952K, committed 6016K, reserved 1048576K
Event: 7.086 GC heap after
Heap after GC invocations=25 (full 2):
 PSYoungGen      total 309760K, used 8473K [0x00000000ec700000, 0x0000000100000000, 0x0000000100000000)
  eden space 301056K, 0% used [0x00000000ec700000,0x00000000ec700000,0x00000000fed00000)
  from space 8704K, 97% used [0x00000000fed00000,0x00000000ff5464b0,0x00000000ff580000)
  to   space 10752K, 0% used [0x00000000ff580000,0x00000000ff580000,0x0000000100000000)
 ParOldGen       total 59904K, used 20049K [0x00000000c5400000, 0x00000000c8e80000, 0x00000000ec700000)
  object space 59904K, 33% used [0x00000000c5400000,0x00000000c67944e0,0x00000000c8e80000)
 Metaspace       used 45948K, capacity 47384K, committed 47488K, reserved 1091584K
  class space    used 5637K, capacity 5952K, committed 6016K, reserved 1048576K
}
Event: 7.708 GC heap before
{Heap before GC invocations=26 (full 2):
 PSYoungGen      total 309760K, used 309529K [0x00000000ec700000, 0x0000000100000000, 0x0000000100000000)
  eden space 301056K, 100% used [0x00000000ec700000,0x00000000fed00000,0x00000000fed00000)
  from space 8704K, 97% used [0x00000000fed00000,0x00000000ff5464b0,0x00000000ff580000)
  to   space 10752K, 0% used [0x00000000ff580000,0x00000000ff580000,0x0000000100000000)
 ParOldGen       total 59904K, used 20049K [0x00000000c5400000, 0x00000000c8e80000, 0x00000000ec700000)
  object space 59904K, 33% used [0x00000000c5400000,0x00000000c67944e0,0x00000000c8e80000)
 Metaspace       used 51007K, capacity 52462K, committed 52608K, reserved 1095680K
  class space    used 6161K, capacity 6503K, committed 6528K, reserved 1048576K
Event: 7.718 GC heap after
Heap after GC invocations=26 (full 2):
 PSYoungGen      total 304640K, used 10731K [0x00000000ec700000, 0x0000000100000000, 0x0000000100000000)
  eden space 293888K, 0% used [0x00000000ec700000,0x00000000ec700000,0x00000000fe600000)
  from space 10752K, 99% used [0x00000000ff580000,0x00000000ffffae48,0x0000000100000000)
  to   space 13312K, 0% used [0x00000000fe600000,0x00000000fe600000,0x00000000ff300000)
 ParOldGen       total 59904K, used 21951K [0x00000000c5400000, 0x00000000c8e80000, 0x00000000ec700000)
  object space 59904K, 36% used [0x00000000c5400000,0x00000000c696ff98,0x00000000c8e80000)
 Metaspace       used 51007K, capacity 52462K, committed 52608K, reserved 1095680K
  class space    used 6161K, capacity 6503K, committed 6528K, reserved 1048576K
}
Event: 8.133 GC heap before
{Heap before GC invocations=27 (full 2):
 PSYoungGen      total 304640K, used 304619K [0x00000000ec700000, 0x0000000100000000, 0x0000000100000000)
  eden space 293888K, 100% used [0x00000000ec700000,0x00000000fe600000,0x00000000fe600000)
  from space 10752K, 99% used [0x00000000ff580000,0x00000000ffffae48,0x0000000100000000)
  to   space 13312K, 0% used [0x00000000fe600000,0x00000000fe600000,0x00000000ff300000)
 ParOldGen       total 59904K, used 21951K [0x00000000c5400000, 0x00000000c8e80000, 0x00000000ec700000)
  object space 59904K, 36% used [0x00000000c5400000,0x00000000c696ff98,0x00000000c8e80000)
 Metaspace       used 52413K, capacity 54246K, committed 54400K, reserved 1097728K
  class space    used 6330K, capacity 6713K, committed 6784K, reserved 1048576K
Event: 8.142 GC heap after
Heap after GC invocations=27 (full 2):
 PSYoungGen      total 306176K, used 11823K [0x00000000ec700000, 0x0000000100000000, 0x0000000100000000)
  eden space 293888K, 0% used [0x00000000ec700000,0x00000000ec700000,0x00000000fe600000)
  from space 12288K, 96% used [0x00000000fe600000,0x00000000ff18be88,0x00000000ff200000)
  to   space 14336K, 0% used [0x00000000ff200000,0x00000000ff200000,0x0000000100000000)
 ParOldGen       total 59904K, used 21959K [0x00000000c5400000, 0x00000000c8e80000, 0x00000000ec700000)
  object space 59904K, 36% used [0x00000000c5400000,0x00000000c6971f98,0x00000000c8e80000)
 Metaspace       used 52413K, capacity 54246K, committed 54400K, reserved 1097728K
  class space    used 6330K, capacity 6713K, committed 6784K, reserved 1048576K
}
Event: 8.583 GC heap before
{Heap before GC invocations=28 (full 2):
 PSYoungGen      total 306176K, used 305711K [0x00000000ec700000, 0x0000000100000000, 0x0000000100000000)
  eden space 293888K, 100% used [0x00000000ec700000,0x00000000fe600000,0x00000000fe600000)
  from space 12288K, 96% used [0x00000000fe600000,0x00000000ff18be88,0x00000000ff200000)
  to   space 14336K, 0% used [0x00000000ff200000,0x00000000ff200000,0x0000000100000000)
 ParOldGen       total 59904K, used 21959K [0x00000000c5400000, 0x00000000c8e80000, 0x00000000ec700000)
  object space 59904K, 36% used [0x00000000c5400000,0x00000000c6971f98,0x00000000c8e80000)
 Metaspace       used 54317K, capacity 56110K, committed 56448K, reserved 1099776K
  class space    used 6545K, capacity 6945K, committed 7040K, reserved 1048576K
Event: 8.599 GC heap after
Heap after GC invocations=28 (full 2):
 PSYoungGen      total 301056K, used 13910K [0x00000000ec700000, 0x0000000100000000, 0x0000000100000000)
  eden space 286720K, 0% used [0x00000000ec700000,0x00000000ec700000,0x00000000fdf00000)
  from space 14336K, 97% used [0x00000000ff200000,0x00000000fff95980,0x0000000100000000)
  to   space 16896K, 0% used [0x00000000fdf00000,0x00000000fdf00000,0x00000000fef80000)
 ParOldGen       total 59904K, used 21967K [0x00000000c5400000, 0x00000000c8e80000, 0x00000000ec700000)
  object space 59904K, 36% used [0x00000000c5400000,0x00000000c6973f98,0x00000000c8e80000)
 Metaspace       used 54317K, capacity 56110K, committed 56448K, reserved 1099776K
  class space    used 6545K, capacity 6945K, committed 7040K, reserved 1048576K
}
Event: 9.160 GC heap before
{Heap before GC invocations=29 (full 2):
 PSYoungGen      total 301056K, used 300630K [0x00000000ec700000, 0x0000000100000000, 0x0000000100000000)
  eden space 286720K, 100% used [0x00000000ec700000,0x00000000fdf00000,0x00000000fdf00000)
  from space 14336K, 97% used [0x00000000ff200000,0x00000000fff95980,0x0000000100000000)
  to   space 16896K, 0% used [0x00000000fdf00000,0x00000000fdf00000,0x00000000fef80000)
 ParOldGen       total 59904K, used 21967K [0x00000000c5400000, 0x00000000c8e80000, 0x00000000ec700000)
  object space 59904K, 36% used [0x00000000c5400000,0x00000000c6973f98,0x00000000c8e80000)
 Metaspace       used 55710K, capacity 57836K, committed 57984K, reserved 1099776K
  class space    used 6782K, capacity 7216K, committed 7296K, reserved 1048576K
Event: 9.178 GC heap after
Heap after GC invocations=29 (full 2):
 PSYoungGen      total 302080K, used 15063K [0x00000000ec700000, 0x0000000100000000, 0x0000000100000000)
  eden space 286720K, 0% used [0x00000000ec700000,0x00000000ec700000,0x00000000fdf00000)
  from space 15360K, 98% used [0x00000000fdf00000,0x00000000fedb5cb0,0x00000000fee00000)
  to   space 18432K, 0% used [0x00000000fee00000,0x00000000fee00000,0x0000000100000000)
 ParOldGen       total 59904K, used 21975K [0x00000000c5400000, 0x00000000c8e80000, 0x00000000ec700000)
  object space 59904K, 36% used [0x00000000c5400000,0x00000000c6975f98,0x00000000c8e80000)
 Metaspace       used 55710K, capacity 57836K, committed 57984K, reserved 1099776K
  class space    used 6782K, capacity 7216K, committed 7296K, reserved 1048576K
}
Event: 9.567 GC heap before
{Heap before GC invocations=30 (full 2):
 PSYoungGen      total 302080K, used 301783K [0x00000000ec700000, 0x0000000100000000, 0x0000000100000000)
  eden space 286720K, 100% used [0x00000000ec700000,0x00000000fdf00000,0x00000000fdf00000)
  from space 15360K, 98% used [0x00000000fdf00000,0x00000000fedb5cb0,0x00000000fee00000)
  to   space 18432K, 0% used [0x00000000fee00000,0x00000000fee00000,0x0000000100000000)
 ParOldGen       total 59904K, used 21975K [0x00000000c5400000, 0x00000000c8e80000, 0x00000000ec700000)
  object space 59904K, 36% used [0x00000000c5400000,0x00000000c6975f98,0x00000000c8e80000)
 Metaspace       used 56737K, capacity 59000K, committed 59136K, reserved 1101824K
  class space    used 6935K, capacity 7386K, committed 7424K, reserved 1048576K
Event: 9.587 GC heap after
Heap after GC invocations=30 (full 2):
 PSYoungGen      total 296960K, used 16440K [0x00000000ec700000, 0x0000000100000000, 0x0000000100000000)
  eden space 278528K, 0% used [0x00000000ec700000,0x00000000ec700000,0x00000000fd700000)
  from space 18432K, 89% used [0x00000000fee00000,0x00000000ffe0e100,0x0000000100000000)
  to   space 20992K, 0% used [0x00000000fd700000,0x00000000fd700000,0x00000000feb80000)
 ParOldGen       total 59904K, used 21983K [0x00000000c5400000, 0x00000000c8e80000, 0x00000000ec700000)
  object space 59904K, 36% used [0x00000000c5400000,0x00000000c6977f98,0x00000000c8e80000)
 Metaspace       used 56737K, capacity 59000K, committed 59136K, reserved 1101824K
  class space    used 6935K, capacity 7386K, committed 7424K, reserved 1048576K
}
Event: 9.637 GC heap before
{Heap before GC invocations=31 (full 2):
 PSYoungGen      total 296960K, used 48281K [0x00000000ec700000, 0x0000000100000000, 0x0000000100000000)
  eden space 278528K, 11% used [0x00000000ec700000,0x00000000ee618418,0x00000000fd700000)
  from space 18432K, 89% used [0x00000000fee00000,0x00000000ffe0e100,0x0000000100000000)
  to   space 20992K, 0% used [0x00000000fd700000,0x00000000fd700000,0x00000000feb80000)
 ParOldGen       total 59904K, used 21983K [0x00000000c5400000, 0x00000000c8e80000, 0x00000000ec700000)
  object space 59904K, 36% used [0x00000000c5400000,0x00000000c6977f98,0x00000000c8e80000)
 Metaspace       used 56803K, capacity 59096K, committed 59136K, reserved 1101824K
  class space    used 6947K, capacity 7394K, committed 7424K, reserved 1048576K
Event: 9.651 GC heap after
Heap after GC invocations=31 (full 2):
 PSYoungGen      total 299520K, used 11936K [0x00000000ec700000, 0x0000000100000000, 0x0000000100000000)
  eden space 278528K, 0% used [0x00000000ec700000,0x00000000ec700000,0x00000000fd700000)
  from space 20992K, 56% used [0x00000000fd700000,0x00000000fe2a8060,0x00000000feb80000)
  to   space 20992K, 0% used [0x00000000feb80000,0x00000000feb80000,0x0000000100000000)
 ParOldGen       total 59904K, used 26353K [0x00000000c5400000, 0x00000000c8e80000, 0x00000000ec700000)
  object space 59904K, 43% used [0x00000000c5400000,0x00000000c6dbc7c8,0x00000000c8e80000)
 Metaspace       used 56803K, capacity 59096K, committed 59136K, reserved 1101824K
  class space    used 6947K, capacity 7394K, committed 7424K, reserved 1048576K
}
Event: 9.651 GC heap before
{Heap before GC invocations=32 (full 3):
 PSYoungGen      total 299520K, used 11936K [0x00000000ec700000, 0x0000000100000000, 0x0000000100000000)
  eden space 278528K, 0% used [0x00000000ec700000,0x00000000ec700000,0x00000000fd700000)
  from space 20992K, 56% used [0x00000000fd700000,0x00000000fe2a8060,0x00000000feb80000)
  to   space 20992K, 0% used [0x00000000feb80000,0x00000000feb80000,0x0000000100000000)
 ParOldGen       total 59904K, used 26353K [0x00000000c5400000, 0x00000000c8e80000, 0x00000000ec700000)
  object space 59904K, 43% used [0x00000000c5400000,0x00000000c6dbc7c8,0x00000000c8e80000)
 Metaspace       used 56803K, capacity 59096K, committed 59136K, reserved 1101824K
  class space    used 6947K, capacity 7394K, committed 7424K, reserved 1048576K
Event: 9.802 GC heap after
Heap after GC invocations=32 (full 3):
 PSYoungGen      total 299520K, used 0K [0x00000000ec700000, 0x0000000100000000, 0x0000000100000000)
  eden space 278528K, 0% used [0x00000000ec700000,0x00000000ec700000,0x00000000fd700000)
  from space 20992K, 0% used [0x00000000fd700000,0x00000000fd700000,0x00000000feb80000)
  to   space 20992K, 0% used [0x00000000feb80000,0x00000000feb80000,0x0000000100000000)
 ParOldGen       total 79872K, used 34683K [0x00000000c5400000, 0x00000000ca200000, 0x00000000ec700000)
  object space 79872K, 43% used [0x00000000c5400000,0x00000000c75dec70,0x00000000ca200000)
 Metaspace       used 56803K, capacity 59096K, committed 59136K, reserved 1101824K
  class space    used 6947K, capacity 7394K, committed 7424K, reserved 1048576K
}
Event: 10.258 GC heap before
{Heap before GC invocations=33 (full 3):
 PSYoungGen      total 299520K, used 278528K [0x00000000ec700000, 0x0000000100000000, 0x0000000100000000)
  eden space 278528K, 100% used [0x00000000ec700000,0x00000000fd700000,0x00000000fd700000)
  from space 20992K, 0% used [0x00000000fd700000,0x00000000fd700000,0x00000000feb80000)
  to   space 20992K, 0% used [0x00000000feb80000,0x00000000feb80000,0x0000000100000000)
 ParOldGen       total 79872K, used 34683K [0x00000000c5400000, 0x00000000ca200000, 0x00000000ec700000)
  object space 79872K, 43% used [0x00000000c5400000,0x00000000c75dec70,0x00000000ca200000)
 Metaspace       used 57881K, capacity 60218K, committed 60416K, reserved 1101824K
  class space    used 7098K, capacity 7567K, committed 7680K, reserved 1048576K
Event: 10.263 GC heap after
Heap after GC invocations=33 (full 3):
 PSYoungGen      total 299520K, used 2595K [0x00000000ec700000, 0x0000000100000000, 0x0000000100000000)
  eden space 278528K, 0% used [0x00000000ec700000,0x00000000ec700000,0x00000000fd700000)
  from space 20992K, 12% used [0x00000000feb80000,0x00000000fee08fd0,0x0000000100000000)
  to   space 20992K, 0% used [0x00000000fd700000,0x00000000fd700000,0x00000000feb80000)
 ParOldGen       total 79872K, used 34691K [0x00000000c5400000, 0x00000000ca200000, 0x00000000ec700000)
  object space 79872K, 43% used [0x00000000c5400000,0x00000000c75e0c70,0x00000000ca200000)
 Metaspace       used 57881K, capacity 60218K, committed 60416K, reserved 1101824K
  class space    used 7098K, capacity 7567K, committed 7680K, reserved 1048576K
}
Event: 10.737 GC heap before
{Heap before GC invocations=34 (full 3):
 PSYoungGen      total 299520K, used 281123K [0x00000000ec700000, 0x0000000100000000, 0x0000000100000000)
  eden space 278528K, 100% used [0x00000000ec700000,0x00000000fd700000,0x00000000fd700000)
  from space 20992K, 12% used [0x00000000feb80000,0x00000000fee08fd0,0x0000000100000000)
  to   space 20992K, 0% used [0x00000000fd700000,0x00000000fd700000,0x00000000feb80000)
 ParOldGen       total 79872K, used 34691K [0x00000000c5400000, 0x00000000ca200000, 0x00000000ec700000)
  object space 79872K, 43% used [0x00000000c5400000,0x00000000c75e0c70,0x00000000ca200000)
 Metaspace       used 58711K, capacity 61052K, committed 61184K, reserved 1103872K
  class space    used 7191K, capacity 7668K, committed 7680K, reserved 1048576K
Event: 10.748 GC heap after
Heap after GC invocations=34 (full 3):
 PSYoungGen      total 283136K, used 4207K [0x00000000ec700000, 0x00000000fff00000, 0x0000000100000000)
  eden space 278528K, 0% used [0x00000000ec700000,0x00000000ec700000,0x00000000fd700000)
  from space 4608K, 91% used [0x00000000fd700000,0x00000000fdb1bd00,0x00000000fdb80000)
  to   space 20480K, 0% used [0x00000000feb00000,0x00000000feb00000,0x00000000fff00000)
 ParOldGen       total 79872K, used 34691K [0x00000000c5400000, 0x00000000ca200000, 0x00000000ec700000)
  object space 79872K, 43% used [0x00000000c5400000,0x00000000c75e0c70,0x00000000ca200000)
 Metaspace       used 58711K, capacity 61052K, committed 61184K, reserved 1103872K
  class space    used 7191K, capacity 7668K, committed 7680K, reserved 1048576K
}
Event: 11.260 GC heap before
{Heap before GC invocations=35 (full 3):
 PSYoungGen      total 283136K, used 282735K [0x00000000ec700000, 0x00000000fff00000, 0x0000000100000000)
  eden space 278528K, 100% used [0x00000000ec700000,0x00000000fd700000,0x00000000fd700000)
  from space 4608K, 91% used [0x00000000fd700000,0x00000000fdb1bd00,0x00000000fdb80000)
  to   space 20480K, 0% used [0x00000000feb00000,0x00000000feb00000,0x00000000fff00000)
 ParOldGen       total 79872K, used 34691K [0x00000000c5400000, 0x00000000ca200000, 0x00000000ec700000)
  object space 79872K, 43% used [0x00000000c5400000,0x00000000c75e0c70,0x00000000ca200000)
 Metaspace       used 59697K, capacity 62236K, committed 62464K, reserved 1103872K
  class space    used 7339K, capacity 7854K, committed 7936K, reserved 1048576K
Event: 11.266 GC heap after
Heap after GC invocations=35 (full 3):
 PSYoungGen      total 300032K, used 5831K [0x00000000ec700000, 0x0000000100000000, 0x0000000100000000)
  eden space 279552K, 0% used [0x00000000ec700000,0x00000000ec700000,0x00000000fd800000)
  from space 20480K, 28% used [0x00000000feb00000,0x00000000ff0b1d08,0x00000000fff00000)
  to   space 19456K, 0% used [0x00000000fd800000,0x00000000fd800000,0x00000000feb00000)
 ParOldGen       total 79872K, used 34699K [0x00000000c5400000, 0x00000000ca200000, 0x00000000ec700000)
  object space 79872K, 43% used [0x00000000c5400000,0x00000000c75e2c70,0x00000000ca200000)
 Metaspace       used 59697K, capacity 62236K, committed 62464K, reserved 1103872K
  class space    used 7339K, capacity 7854K, committed 7936K, reserved 1048576K
}
Event: 11.760 GC heap before
{Heap before GC invocations=36 (full 3):
 PSYoungGen      total 300032K, used 285383K [0x00000000ec700000, 0x0000000100000000, 0x0000000100000000)
  eden space 279552K, 100% used [0x00000000ec700000,0x00000000fd800000,0x00000000fd800000)
  from space 20480K, 28% used [0x00000000feb00000,0x00000000ff0b1d08,0x00000000fff00000)
  to   space 19456K, 0% used [0x00000000fd800000,0x00000000fd800000,0x00000000feb00000)
 ParOldGen       total 79872K, used 34699K [0x00000000c5400000, 0x00000000ca200000, 0x00000000ec700000)
  object space 79872K, 43% used [0x00000000c5400000,0x00000000c75e2c70,0x00000000ca200000)
 Metaspace       used 60653K, capacity 63244K, committed 63360K, reserved 1103872K
  class space    used 7466K, capacity 7992K, committed 8064K, reserved 1048576K
Event: 11.770 GC heap after
Heap after GC invocations=36 (full 3):
 PSYoungGen      total 299008K, used 7197K [0x00000000ec700000, 0x00000000ffd00000, 0x0000000100000000)
  eden space 279552K, 0% used [0x00000000ec700000,0x00000000ec700000,0x00000000fd800000)
  from space 19456K, 36% used [0x00000000fd800000,0x00000000fdf07410,0x00000000feb00000)
  to   space 18432K, 0% used [0x00000000feb00000,0x00000000feb00000,0x00000000ffd00000)
 ParOldGen       total 79872K, used 34707K [0x00000000c5400000, 0x00000000ca200000, 0x00000000ec700000)
  object space 79872K, 43% used [0x00000000c5400000,0x00000000c75e4c70,0x00000000ca200000)
 Metaspace       used 60653K, capacity 63244K, committed 63360K, reserved 1103872K
  class space    used 7466K, capacity 7992K, committed 8064K, reserved 1048576K
}
Event: 12.137 GC heap before
{Heap before GC invocations=37 (full 3):
 PSYoungGen      total 299008K, used 286749K [0x00000000ec700000, 0x00000000ffd00000, 0x0000000100000000)
  eden space 279552K, 100% used [0x00000000ec700000,0x00000000fd800000,0x00000000fd800000)
  from space 19456K, 36% used [0x00000000fd800000,0x00000000fdf07410,0x00000000feb00000)
  to   space 18432K, 0% used [0x00000000feb00000,0x00000000feb00000,0x00000000ffd00000)
 ParOldGen       total 79872K, used 34707K [0x00000000c5400000, 0x00000000ca200000, 0x00000000ec700000)
  object space 79872K, 43% used [0x00000000c5400000,0x00000000c75e4c70,0x00000000ca200000)
 Metaspace       used 61038K, capacity 63652K, committed 63872K, reserved 1105920K
  class space    used 7518K, capacity 8034K, committed 8064K, reserved 1048576K
Event: 12.150 GC heap after
Heap after GC invocations=37 (full 3):
 PSYoungGen      total 299520K, used 4832K [0x00000000ec700000, 0x00000000ffe00000, 0x0000000100000000)
  eden space 281088K, 0% used [0x00000000ec700000,0x00000000ec700000,0x00000000fd980000)
  from space 18432K, 26% used [0x00000000feb00000,0x00000000fefb80b0,0x00000000ffd00000)
  to   space 17920K, 0% used [0x00000000fd980000,0x00000000fd980000,0x00000000feb00000)
 ParOldGen       total 79872K, used 38107K [0x00000000c5400000, 0x00000000ca200000, 0x00000000ec700000)
  object space 79872K, 47% used [0x00000000c5400000,0x00000000c7936c70,0x00000000ca200000)
 Metaspace       used 61038K, capacity 63652K, committed 63872K, reserved 1105920K
  class space    used 7518K, capacity 8034K, committed 8064K, reserved 1048576K
}
Event: 12.537 GC heap before
{Heap before GC invocations=38 (full 3):
 PSYoungGen      total 299520K, used 285920K [0x00000000ec700000, 0x00000000ffe00000, 0x0000000100000000)
  eden space 281088K, 100% used [0x00000000ec700000,0x00000000fd980000,0x00000000fd980000)
  from space 18432K, 26% used [0x00000000feb00000,0x00000000fefb80b0,0x00000000ffd00000)
  to   space 17920K, 0% used [0x00000000fd980000,0x00000000fd980000,0x00000000feb00000)
 ParOldGen       total 79872K, used 38107K [0x00000000c5400000, 0x00000000ca200000, 0x00000000ec700000)
  object space 79872K, 47% used [0x00000000c5400000,0x00000000c7936c70,0x00000000ca200000)
 Metaspace       used 61736K, capacity 64376K, committed 64512K, reserved 1105920K
  class space    used 7616K, capacity 8116K, committed 8192K, reserved 1048576K
Event: 12.549 GC heap after
Heap after GC invocations=38 (full 3):
 PSYoungGen      total 299008K, used 4104K [0x00000000ec700000, 0x00000000ffe80000, 0x0000000100000000)
  eden space 281088K, 0% used [0x00000000ec700000,0x00000000ec700000,0x00000000fd980000)
  from space 17920K, 22% used [0x00000000fd980000,0x00000000fdd821f0,0x00000000feb00000)
  to   space 17408K, 0% used [0x00000000fed80000,0x00000000fed80000,0x00000000ffe80000)
 ParOldGen       total 79872K, used 41075K [0x00000000c5400000, 0x00000000ca200000, 0x00000000ec700000)
  object space 79872K, 51% used [0x00000000c5400000,0x00000000c7c1cc90,0x00000000ca200000)
 Metaspace       used 61736K, capacity 64376K, committed 64512K, reserved 1105920K
  class space    used 7616K, capacity 8116K, committed 8192K, reserved 1048576K
}
Event: 12.939 GC heap before
{Heap before GC invocations=39 (full 3):
 PSYoungGen      total 299008K, used 285192K [0x00000000ec700000, 0x00000000ffe80000, 0x0000000100000000)
  eden space 281088K, 100% used [0x00000000ec700000,0x00000000fd980000,0x00000000fd980000)
  from space 17920K, 22% used [0x00000000fd980000,0x00000000fdd821f0,0x00000000feb00000)
  to   space 17408K, 0% used [0x00000000fed80000,0x00000000fed80000,0x00000000ffe80000)
 ParOldGen       total 79872K, used 41075K [0x00000000c5400000, 0x00000000ca200000, 0x00000000ec700000)
  object space 79872K, 51% used [0x00000000c5400000,0x00000000c7c1cc90,0x00000000ca200000)
 Metaspace       used 62937K, capacity 65664K, committed 65920K, reserved 1107968K
  class space    used 7781K, capacity 8294K, committed 8320K, reserved 1048576K
Event: 12.952 GC heap after
Heap after GC invocations=39 (full 3):
 PSYoungGen      total 302080K, used 3121K [0x00000000ec700000, 0x00000000ffe80000, 0x0000000100000000)
  eden space 284672K, 0% used [0x00000000ec700000,0x00000000ec700000,0x00000000fdd00000)
  from space 17408K, 17% used [0x00000000fed80000,0x00000000ff08c550,0x00000000ffe80000)
  to   space 16896K, 0% used [0x00000000fdd00000,0x00000000fdd00000,0x00000000fed80000)
 ParOldGen       total 79872K, used 44755K [0x00000000c5400000, 0x00000000ca200000, 0x00000000ec700000)
  object space 79872K, 56% used [0x00000000c5400000,0x00000000c7fb4cf0,0x00000000ca200000)
 Metaspace       used 62937K, capacity 65664K, committed 65920K, reserved 1107968K
  class space    used 7781K, capacity 8294K, committed 8320K, reserved 1048576K
}
Event: 13.722 GC heap before
{Heap before GC invocations=40 (full 3):
 PSYoungGen      total 302080K, used 287793K [0x00000000ec700000, 0x00000000ffe80000, 0x0000000100000000)
  eden space 284672K, 100% used [0x00000000ec700000,0x00000000fdd00000,0x00000000fdd00000)
  from space 17408K, 17% used [0x00000000fed80000,0x00000000ff08c550,0x00000000ffe80000)
  to   space 16896K, 0% used [0x00000000fdd00000,0x00000000fdd00000,0x00000000fed80000)
 ParOldGen       total 79872K, used 44755K [0x00000000c5400000, 0x00000000ca200000, 0x00000000ec700000)
  object space 79872K, 56% used [0x00000000c5400000,0x00000000c7fb4cf0,0x00000000ca200000)
 Metaspace       used 64701K, capacity 67490K, committed 67712K, reserved 1107968K
  class space    used 8032K, capacity 8569K, committed 8576K, reserved 1048576K
Event: 13.735 GC heap after
Heap after GC invocations=40 (full 3):
 PSYoungGen      total 301568K, used 2808K [0x00000000ec700000, 0x00000000fff80000, 0x0000000100000000)
  eden space 284672K, 0% used [0x00000000ec700000,0x00000000ec700000,0x00000000fdd00000)
  from space 16896K, 16% used [0x00000000fdd00000,0x00000000fdfbe040,0x00000000fed80000)
  to   space 16896K, 0% used [0x00000000fef00000,0x00000000fef00000,0x00000000fff80000)
 ParOldGen       total 79872K, used 46927K [0x00000000c5400000, 0x00000000ca200000, 0x00000000ec700000)
  object space 79872K, 58% used [0x00000000c5400000,0x00000000c81d3d00,0x00000000ca200000)
 Metaspace       used 64701K, capacity 67490K, committed 67712K, reserved 1107968K
  class space    used 8032K, capacity 8569K, committed 8576K, reserved 1048576K
}
Event: 14.806 GC heap before
{Heap before GC invocations=41 (full 3):
 PSYoungGen      total 301568K, used 287480K [0x00000000ec700000, 0x00000000fff80000, 0x0000000100000000)
  eden space 284672K, 100% used [0x00000000ec700000,0x00000000fdd00000,0x00000000fdd00000)
  from space 16896K, 16% used [0x00000000fdd00000,0x00000000fdfbe040,0x00000000fed80000)
  to   space 16896K, 0% used [0x00000000fef00000,0x00000000fef00000,0x00000000fff80000)
 ParOldGen       total 79872K, used 46927K [0x00000000c5400000, 0x00000000ca200000, 0x00000000ec700000)
  object space 79872K, 58% used [0x00000000c5400000,0x00000000c81d3d00,0x00000000ca200000)
 Metaspace       used 65516K, capacity 68276K, committed 68352K, reserved 1110016K
  class space    used 8103K, capacity 8636K, committed 8704K, reserved 1048576K
Event: 14.811 GC heap after
Heap after GC invocations=41 (full 3):
 PSYoungGen      total 303104K, used 1184K [0x00000000ec700000, 0x00000000fff00000, 0x0000000100000000)
  eden space 286720K, 0% used [0x00000000ec700000,0x00000000ec700000,0x00000000fdf00000)
  from space 16384K, 7% used [0x00000000fef00000,0x00000000ff028010,0x00000000fff00000)
  to   space 16384K, 0% used [0x00000000fdf00000,0x00000000fdf00000,0x00000000fef00000)
 ParOldGen       total 79872K, used 48435K [0x00000000c5400000, 0x00000000ca200000, 0x00000000ec700000)
  object space 79872K, 60% used [0x00000000c5400000,0x00000000c834cd10,0x00000000ca200000)
 Metaspace       used 65516K, capacity 68276K, committed 68352K, reserved 1110016K
  class space    used 8103K, capacity 8636K, committed 8704K, reserved 1048576K
}
Event: 18.351 GC heap before
{Heap before GC invocations=42 (full 3):
 PSYoungGen      total 303104K, used 287904K [0x00000000ec700000, 0x00000000fff00000, 0x0000000100000000)
  eden space 286720K, 100% used [0x00000000ec700000,0x00000000fdf00000,0x00000000fdf00000)
  from space 16384K, 7% used [0x00000000fef00000,0x00000000ff028010,0x00000000fff00000)
  to   space 16384K, 0% used [0x00000000fdf00000,0x00000000fdf00000,0x00000000fef00000)
 ParOldGen       total 79872K, used 48435K [0x00000000c5400000, 0x00000000ca200000, 0x00000000ec700000)
  object space 79872K, 60% used [0x00000000c5400000,0x00000000c834cd10,0x00000000ca200000)
 Metaspace       used 69864K, capacity 72630K, committed 72704K, reserved 1112064K
  class space    used 8656K, capacity 9199K, committed 9216K, reserved 1048576K
Event: 18.359 GC heap after
Heap after GC invocations=42 (full 3):
 PSYoungGen      total 303104K, used 5941K [0x00000000ec700000, 0x00000000ffe00000, 0x0000000100000000)
  eden space 286720K, 0% used [0x00000000ec700000,0x00000000ec700000,0x00000000fdf00000)
  from space 16384K, 36% used [0x00000000fdf00000,0x00000000fe4cd5b0,0x00000000fef00000)
  to   space 15360K, 0% used [0x00000000fef00000,0x00000000fef00000,0x00000000ffe00000)
 ParOldGen       total 79872K, used 48443K [0x00000000c5400000, 0x00000000ca200000, 0x00000000ec700000)
  object space 79872K, 60% used [0x00000000c5400000,0x00000000c834ed10,0x00000000ca200000)
 Metaspace       used 69864K, capacity 72630K, committed 72704K, reserved 1112064K
  class space    used 8656K, capacity 9199K, committed 9216K, reserved 1048576K
}
Event: 100.595 GC heap before
{Heap before GC invocations=43 (full 3):
 PSYoungGen      total 303104K, used 292661K [0x00000000ec700000, 0x00000000ffe00000, 0x0000000100000000)
  eden space 286720K, 100% used [0x00000000ec700000,0x00000000fdf00000,0x00000000fdf00000)
  from space 16384K, 36% used [0x00000000fdf00000,0x00000000fe4cd5b0,0x00000000fef00000)
  to   space 15360K, 0% used [0x00000000fef00000,0x00000000fef00000,0x00000000ffe00000)
 ParOldGen       total 79872K, used 48443K [0x00000000c5400000, 0x00000000ca200000, 0x00000000ec700000)
  object space 79872K, 60% used [0x00000000c5400000,0x00000000c834ed10,0x00000000ca200000)
 Metaspace       used 72602K, capacity 75646K, committed 75904K, reserved 1116160K
  class space    used 8964K, capacity 9541K, committed 9600K, reserved 1048576K
Event: 100.604 GC heap after
Heap after GC invocations=43 (full 3):
 PSYoungGen      total 302592K, used 8737K [0x00000000ec700000, 0x0000000100000000, 0x0000000100000000)
  eden space 287232K, 0% used [0x00000000ec700000,0x00000000ec700000,0x00000000fdf80000)
  from space 15360K, 56% used [0x00000000fef00000,0x00000000ff788550,0x00000000ffe00000)
  to   space 15872K, 0% used [0x00000000fdf80000,0x00000000fdf80000,0x00000000fef00000)
 ParOldGen       total 79872K, used 48451K [0x00000000c5400000, 0x00000000ca200000, 0x00000000ec700000)
  object space 79872K, 60% used [0x00000000c5400000,0x00000000c8350d10,0x00000000ca200000)
 Metaspace       used 72602K, capacity 75646K, committed 75904K, reserved 1116160K
  class space    used 8964K, capacity 9541K, committed 9600K, reserved 1048576K
}

