# JRE version: Java(TM) SE Runtime Environment (8.0_131-b11) (build 1.8.0_131-b11)
# Java VM: Java HotSpot(TM) 64-Bit Server VM (25.131-b11 mixed mode windows-amd64 compressed oops)
Heap:
 PSYoungGen      total 323072K, used 190844K [0x00000000eab00000, 0x0000000100000000, 0x0000000100000000)
  eden space 296448K, 60% used [0x00000000eab00000,0x00000000f5a68938,0x00000000fcc80000)
  from space 26624K, 42% used [0x00000000fe600000,0x00000000ff0f6768,0x0000000100000000)
  to   space 26112K, 0% used [0x00000000fcc80000,0x00000000fcc80000,0x00000000fe600000)
 ParOldGen       total 699392K, used 50527K [0x00000000c0000000, 0x00000000eab00000, 0x00000000eab00000)
  object space 699392K, 7% used [0x00000000c0000000,0x00000000c3157ce0,0x00000000eab00000)
 Metaspace       used 68793K, capacity 72480K, committed 72576K, reserved 1112064K
  class space    used 9129K, capacity 9771K, committed 9856K, reserved 1048576K
GC Heap History (10 events):
Event: 20.455 GC heap before
{Heap before GC invocations=11 (full 2):
 PSYoungGen      total 322048K, used 293493K [0x00000000eab00000, 0x0000000100000000, 0x0000000100000000)
  eden space 299008K, 90% used [0x00000000eab00000,0x00000000fb38cfa0,0x00000000fcf00000)
  from space 23040K, 98% used [0x00000000fe980000,0x00000000fff906b8,0x0000000100000000)
  to   space 25088K, 0% used [0x00000000fcf00000,0x00000000fcf00000,0x00000000fe780000)
 ParOldGen       total 699392K, used 22349K [0x00000000c0000000, 0x00000000eab00000, 0x00000000eab00000)
  object space 699392K, 3% used [0x00000000c0000000,0x00000000c15d3678,0x00000000eab00000)
 Metaspace       used 56290K, capacity 59084K, committed 59136K, reserved 1099776K
  class space    used 7395K, capacity 7911K, committed 7936K, reserved 1048576K
Event: 20.483 GC heap after
Heap after GC invocations=11 (full 2):
 PSYoungGen      total 324096K, used 18771K [0x00000000eab00000, 0x0000000100000000, 0x0000000100000000)
  eden space 299008K, 0% used [0x00000000eab00000,0x00000000eab00000,0x00000000fcf00000)
  from space 25088K, 74% used [0x00000000fcf00000,0x00000000fe154c40,0x00000000fe780000)
  to   space 24576K, 0% used [0x00000000fe800000,0x00000000fe800000,0x0000000100000000)
 ParOldGen       total 699392K, used 32592K [0x00000000c0000000, 0x00000000eab00000, 0x00000000eab00000)
  object space 699392K, 4% used [0x00000000c0000000,0x00000000c1fd4008,0x00000000eab00000)
 Metaspace       used 56290K, capacity 59084K, committed 59136K, reserved 1099776K
  class space    used 7395K, capacity 7911K, committed 7936K, reserved 1048576K
}
Event: 20.483 GC heap before
{Heap before GC invocations=12 (full 3):
 PSYoungGen      total 324096K, used 18771K [0x00000000eab00000, 0x0000000100000000, 0x0000000100000000)
  eden space 299008K, 0% used [0x00000000eab00000,0x00000000eab00000,0x00000000fcf00000)
  from space 25088K, 74% used [0x00000000fcf00000,0x00000000fe154c40,0x00000000fe780000)
  to   space 24576K, 0% used [0x00000000fe800000,0x00000000fe800000,0x0000000100000000)
 ParOldGen       total 699392K, used 32592K [0x00000000c0000000, 0x00000000eab00000, 0x00000000eab00000)
  object space 699392K, 4% used [0x00000000c0000000,0x00000000c1fd4008,0x00000000eab00000)
 Metaspace       used 56290K, capacity 59084K, committed 59136K, reserved 1099776K
  class space    used 7395K, capacity 7911K, committed 7936K, reserved 1048576K
Event: 20.943 GC heap after
Heap after GC invocations=12 (full 3):
 PSYoungGen      total 324096K, used 0K [0x00000000eab00000, 0x0000000100000000, 0x0000000100000000)
  eden space 299008K, 0% used [0x00000000eab00000,0x00000000eab00000,0x00000000fcf00000)
  from space 25088K, 0% used [0x00000000fcf00000,0x00000000fcf00000,0x00000000fe780000)
  to   space 24576K, 0% used [0x00000000fe800000,0x00000000fe800000,0x0000000100000000)
 ParOldGen       total 699392K, used 49355K [0x00000000c0000000, 0x00000000eab00000, 0x00000000eab00000)
  object space 699392K, 7% used [0x00000000c0000000,0x00000000c3032c98,0x00000000eab00000)
 Metaspace       used 56256K, capacity 59030K, committed 59136K, reserved 1099776K
  class space    used 7390K, capacity 7902K, committed 7936K, reserved 1048576K
}
Event: 22.949 GC heap before
{Heap before GC invocations=13 (full 3):
 PSYoungGen      total 324096K, used 299008K [0x00000000eab00000, 0x0000000100000000, 0x0000000100000000)
  eden space 299008K, 100% used [0x00000000eab00000,0x00000000fcf00000,0x00000000fcf00000)
  from space 25088K, 0% used [0x00000000fcf00000,0x00000000fcf00000,0x00000000fe780000)
  to   space 24576K, 0% used [0x00000000fe800000,0x00000000fe800000,0x0000000100000000)
 ParOldGen       total 699392K, used 49355K [0x00000000c0000000, 0x00000000eab00000, 0x00000000eab00000)
  object space 699392K, 7% used [0x00000000c0000000,0x00000000c3032c98,0x00000000eab00000)
 Metaspace       used 57049K, capacity 59860K, committed 60032K, reserved 1101824K
  class space    used 7548K, capacity 8041K, committed 8064K, reserved 1048576K
Event: 22.953 GC heap after
Heap after GC invocations=13 (full 3):
 PSYoungGen      total 320512K, used 1904K [0x00000000eab00000, 0x0000000100000000, 0x0000000100000000)
  eden space 295936K, 0% used [0x00000000eab00000,0x00000000eab00000,0x00000000fcc00000)
  from space 24576K, 7% used [0x00000000fe800000,0x00000000fe9dc1b0,0x0000000100000000)
  to   space 26624K, 0% used [0x00000000fcc00000,0x00000000fcc00000,0x00000000fe600000)
 ParOldGen       total 699392K, used 49363K [0x00000000c0000000, 0x00000000eab00000, 0x00000000eab00000)
  object space 699392K, 7% used [0x00000000c0000000,0x00000000c3034c98,0x00000000eab00000)
 Metaspace       used 57049K, capacity 59860K, committed 60032K, reserved 1101824K
  class space    used 7548K, capacity 8041K, committed 8064K, reserved 1048576K
}
Event: 24.064 GC heap before
{Heap before GC invocations=14 (full 3):
 PSYoungGen      total 320512K, used 297746K [0x00000000eab00000, 0x0000000100000000, 0x0000000100000000)
  eden space 295936K, 99% used [0x00000000eab00000,0x00000000fcbe8710,0x00000000fcc00000)
  from space 24576K, 7% used [0x00000000fe800000,0x00000000fe9dc1b0,0x0000000100000000)
  to   space 26624K, 0% used [0x00000000fcc00000,0x00000000fcc00000,0x00000000fe600000)
 ParOldGen       total 699392K, used 49363K [0x00000000c0000000, 0x00000000eab00000, 0x00000000eab00000)
  object space 699392K, 7% used [0x00000000c0000000,0x00000000c3034c98,0x00000000eab00000)
 Metaspace       used 62421K, capacity 65824K, committed 66048K, reserved 1105920K
  class space    used 8304K, capacity 8871K, committed 8960K, reserved 1048576K
Event: 24.137 GC heap after
Heap after GC invocations=14 (full 3):
 PSYoungGen      total 322560K, used 10076K [0x00000000eab00000, 0x0000000100000000, 0x0000000100000000)
  eden space 295936K, 0% used [0x00000000eab00000,0x00000000eab00000,0x00000000fcc00000)
  from space 26624K, 37% used [0x00000000fcc00000,0x00000000fd5d7380,0x00000000fe600000)
  to   space 26624K, 0% used [0x00000000fe600000,0x00000000fe600000,0x0000000100000000)
 ParOldGen       total 699392K, used 49371K [0x00000000c0000000, 0x00000000eab00000, 0x00000000eab00000)
  object space 699392K, 7% used [0x00000000c0000000,0x00000000c3036c98,0x00000000eab00000)
 Metaspace       used 62421K, capacity 65824K, committed 66048K, reserved 1105920K
  class space    used 8304K, capacity 8871K, committed 8960K, reserved 1048576K
}
Event: 65.852 GC heap before
{Heap before GC invocations=15 (full 3):
 PSYoungGen      total 322560K, used 306012K [0x00000000eab00000, 0x0000000100000000, 0x0000000100000000)
  eden space 295936K, 100% used [0x00000000eab00000,0x00000000fcc00000,0x00000000fcc00000)
  from space 26624K, 37% used [0x00000000fcc00000,0x00000000fd5d7380,0x00000000fe600000)
  to   space 26624K, 0% used [0x00000000fe600000,0x00000000fe600000,0x0000000100000000)
 ParOldGen       total 699392K, used 49371K [0x00000000c0000000, 0x00000000eab00000, 0x00000000eab00000)
  object space 699392K, 7% used [0x00000000c0000000,0x00000000c3036c98,0x00000000eab00000)
 Metaspace       used 68332K, capacity 71968K, committed 72192K, reserved 1112064K
  class space    used 9065K, capacity 9675K, committed 9728K, reserved 1048576K
Event: 65.867 GC heap after
Heap after GC invocations=15 (full 3):
 PSYoungGen      total 323072K, used 11225K [0x00000000eab00000, 0x0000000100000000, 0x0000000100000000)
  eden space 296448K, 0% used [0x00000000eab00000,0x00000000eab00000,0x00000000fcc80000)
  from space 26624K, 42% used [0x00000000fe600000,0x00000000ff0f6768,0x0000000100000000)
  to   space 26112K, 0% used [0x00000000fcc80000,0x00000000fcc80000,0x00000000fe600000)
 ParOldGen       total 699392K, used 50527K [0x00000000c0000000, 0x00000000eab00000, 0x00000000eab00000)
  object space 699392K, 7% used [0x00000000c0000000,0x00000000c3157ce0,0x00000000eab00000)
 Metaspace       used 68332K, capacity 71968K, committed 72192K, reserved 1112064K
  class space    used 9065K, capacity 9675K, committed 9728K, reserved 1048576K
}

