# JRE version: Java(TM) SE Runtime Environment (8.0_131-b11) (build 1.8.0_131-b11)
# Java VM: Java HotSpot(TM) 64-Bit Server VM (25.131-b11 mixed mode windows-amd64 compressed oops)
Heap:
 PSYoungGen      total 470016K, used 272470K [0x00000000d5b80000, 0x00000000f4400000, 0x0000000100000000)
  eden space 452096K, 57% used [0x00000000d5b80000,0x00000000e5a645b8,0x00000000f1500000)
  from space 17920K, 63% used [0x00000000f3280000,0x00000000f3db1348,0x00000000f4400000)
  to   space 24064K, 0% used [0x00000000f1500000,0x00000000f1500000,0x00000000f2c80000)
 ParOldGen       total 154624K, used 48085K [0x0000000081200000, 0x000000008a900000, 0x00000000d5b80000)
  object space 154624K, 31% used [0x0000000081200000,0x00000000840f5548,0x000000008a900000)
 Metaspace       used 68788K, capacity 72492K, committed 72832K, reserved 1112064K
  class space    used 9132K, capacity 9763K, committed 9856K, reserved 1048576K
GC Heap History (10 events):
Event: 18.484 GC heap before
{Heap before GC invocations=17 (full 2):
 PSYoungGen      total 352256K, used 352248K [0x00000000d5b80000, 0x00000000ecc00000, 0x0000000100000000)
  eden space 333824K, 100% used [0x00000000d5b80000,0x00000000ea180000,0x00000000ea180000)
  from space 18432K, 99% used [0x00000000eb680000,0x00000000ec87e130,0x00000000ec880000)
  to   space 21504K, 0% used [0x00000000ea180000,0x00000000ea180000,0x00000000eb680000)
 ParOldGen       total 99840K, used 25316K [0x0000000081200000, 0x0000000087380000, 0x00000000d5b80000)
  object space 99840K, 25% used [0x0000000081200000,0x0000000082ab9140,0x0000000087380000)
 Metaspace       used 54871K, capacity 57668K, committed 57984K, reserved 1099776K
  class space    used 7190K, capacity 7703K, committed 7808K, reserved 1048576K
Event: 18.507 GC heap after
Heap after GC invocations=17 (full 2):
 PSYoungGen      total 355328K, used 18369K [0x00000000d5b80000, 0x00000000f1980000, 0x0000000100000000)
  eden space 333824K, 0% used [0x00000000d5b80000,0x00000000d5b80000,0x00000000ea180000)
  from space 21504K, 85% used [0x00000000ea180000,0x00000000eb3706b8,0x00000000eb680000)
  to   space 23552K, 0% used [0x00000000f0280000,0x00000000f0280000,0x00000000f1980000)
 ParOldGen       total 99840K, used 34177K [0x0000000081200000, 0x0000000087380000, 0x00000000d5b80000)
  object space 99840K, 34% used [0x0000000081200000,0x0000000083360618,0x0000000087380000)
 Metaspace       used 54871K, capacity 57668K, committed 57984K, reserved 1099776K
  class space    used 7190K, capacity 7703K, committed 7808K, reserved 1048576K
}
Event: 19.205 GC heap before
{Heap before GC invocations=18 (full 2):
 PSYoungGen      total 355328K, used 98387K [0x00000000d5b80000, 0x00000000f1980000, 0x0000000100000000)
  eden space 333824K, 23% used [0x00000000d5b80000,0x00000000da9a4810,0x00000000ea180000)
  from space 21504K, 85% used [0x00000000ea180000,0x00000000eb3706b8,0x00000000eb680000)
  to   space 23552K, 0% used [0x00000000f0280000,0x00000000f0280000,0x00000000f1980000)
 ParOldGen       total 99840K, used 34177K [0x0000000081200000, 0x0000000087380000, 0x00000000d5b80000)
  object space 99840K, 34% used [0x0000000081200000,0x0000000083360618,0x0000000087380000)
 Metaspace       used 56321K, capacity 59078K, committed 59136K, reserved 1099776K
  class space    used 7410K, capacity 7910K, committed 7936K, reserved 1048576K
Event: 19.221 GC heap after
Heap after GC invocations=18 (full 2):
 PSYoungGen      total 432128K, used 18536K [0x00000000d5b80000, 0x00000000f2600000, 0x0000000100000000)
  eden space 408576K, 0% used [0x00000000d5b80000,0x00000000d5b80000,0x00000000eea80000)
  from space 23552K, 78% used [0x00000000f0280000,0x00000000f149a2a8,0x00000000f1980000)
  to   space 24576K, 0% used [0x00000000eea80000,0x00000000eea80000,0x00000000f0280000)
 ParOldGen       total 99840K, used 34185K [0x0000000081200000, 0x0000000087380000, 0x00000000d5b80000)
  object space 99840K, 34% used [0x0000000081200000,0x0000000083362618,0x0000000087380000)
 Metaspace       used 56321K, capacity 59078K, committed 59136K, reserved 1099776K
  class space    used 7410K, capacity 7910K, committed 7936K, reserved 1048576K
}
Event: 19.221 GC heap before
{Heap before GC invocations=19 (full 3):
 PSYoungGen      total 432128K, used 18536K [0x00000000d5b80000, 0x00000000f2600000, 0x0000000100000000)
  eden space 408576K, 0% used [0x00000000d5b80000,0x00000000d5b80000,0x00000000eea80000)
  from space 23552K, 78% used [0x00000000f0280000,0x00000000f149a2a8,0x00000000f1980000)
  to   space 24576K, 0% used [0x00000000eea80000,0x00000000eea80000,0x00000000f0280000)
 ParOldGen       total 99840K, used 34185K [0x0000000081200000, 0x0000000087380000, 0x00000000d5b80000)
  object space 99840K, 34% used [0x0000000081200000,0x0000000083362618,0x0000000087380000)
 Metaspace       used 56321K, capacity 59078K, committed 59136K, reserved 1099776K
  class space    used 7410K, capacity 7910K, committed 7936K, reserved 1048576K
Event: 19.697 GC heap after
Heap after GC invocations=19 (full 3):
 PSYoungGen      total 432128K, used 0K [0x00000000d5b80000, 0x00000000f2600000, 0x0000000100000000)
  eden space 408576K, 0% used [0x00000000d5b80000,0x00000000d5b80000,0x00000000eea80000)
  from space 23552K, 0% used [0x00000000f0280000,0x00000000f0280000,0x00000000f1980000)
  to   space 24576K, 0% used [0x00000000eea80000,0x00000000eea80000,0x00000000f0280000)
 ParOldGen       total 154624K, used 48069K [0x0000000081200000, 0x000000008a900000, 0x00000000d5b80000)
  object space 154624K, 31% used [0x0000000081200000,0x00000000840f1548,0x000000008a900000)
 Metaspace       used 56287K, capacity 59024K, committed 59136K, reserved 1099776K
  class space    used 7405K, capacity 7901K, committed 7936K, reserved 1048576K
}
Event: 21.866 GC heap before
{Heap before GC invocations=20 (full 3):
 PSYoungGen      total 432128K, used 408576K [0x00000000d5b80000, 0x00000000f2600000, 0x0000000100000000)
  eden space 408576K, 100% used [0x00000000d5b80000,0x00000000eea80000,0x00000000eea80000)
  from space 23552K, 0% used [0x00000000f0280000,0x00000000f0280000,0x00000000f1980000)
  to   space 24576K, 0% used [0x00000000eea80000,0x00000000eea80000,0x00000000f0280000)
 ParOldGen       total 154624K, used 48069K [0x0000000081200000, 0x000000008a900000, 0x00000000d5b80000)
  object space 154624K, 31% used [0x0000000081200000,0x00000000840f1548,0x000000008a900000)
 Metaspace       used 57073K, capacity 59956K, committed 60160K, reserved 1101824K
  class space    used 7550K, capacity 8073K, committed 8192K, reserved 1048576K
Event: 21.871 GC heap after
Heap after GC invocations=20 (full 3):
 PSYoungGen      total 433152K, used 1712K [0x00000000d5b80000, 0x00000000f4b80000, 0x0000000100000000)
  eden space 408576K, 0% used [0x00000000d5b80000,0x00000000d5b80000,0x00000000eea80000)
  from space 24576K, 6% used [0x00000000eea80000,0x00000000eec2c1b0,0x00000000f0280000)
  to   space 25600K, 0% used [0x00000000f3280000,0x00000000f3280000,0x00000000f4b80000)
 ParOldGen       total 154624K, used 48077K [0x0000000081200000, 0x000000008a900000, 0x00000000d5b80000)
  object space 154624K, 31% used [0x0000000081200000,0x00000000840f3548,0x000000008a900000)
 Metaspace       used 57073K, capacity 59956K, committed 60160K, reserved 1101824K
  class space    used 7550K, capacity 8073K, committed 8192K, reserved 1048576K
}
Event: 24.541 GC heap before
{Heap before GC invocations=21 (full 3):
 PSYoungGen      total 433152K, used 410288K [0x00000000d5b80000, 0x00000000f4b80000, 0x0000000100000000)
  eden space 408576K, 100% used [0x00000000d5b80000,0x00000000eea80000,0x00000000eea80000)
  from space 24576K, 6% used [0x00000000eea80000,0x00000000eec2c1b0,0x00000000f0280000)
  to   space 25600K, 0% used [0x00000000f3280000,0x00000000f3280000,0x00000000f4b80000)
 ParOldGen       total 154624K, used 48077K [0x0000000081200000, 0x000000008a900000, 0x00000000d5b80000)
  object space 154624K, 31% used [0x0000000081200000,0x00000000840f3548,0x000000008a900000)
 Metaspace       used 64612K, capacity 68062K, committed 68352K, reserved 1107968K
  class space    used 8576K, capacity 9150K, committed 9216K, reserved 1048576K
Event: 24.555 GC heap after
Heap after GC invocations=21 (full 3):
 PSYoungGen      total 470016K, used 11460K [0x00000000d5b80000, 0x00000000f4400000, 0x0000000100000000)
  eden space 452096K, 0% used [0x00000000d5b80000,0x00000000d5b80000,0x00000000f1500000)
  from space 17920K, 63% used [0x00000000f3280000,0x00000000f3db1348,0x00000000f4400000)
  to   space 24064K, 0% used [0x00000000f1500000,0x00000000f1500000,0x00000000f2c80000)
 ParOldGen       total 154624K, used 48085K [0x0000000081200000, 0x000000008a900000, 0x00000000d5b80000)
  object space 154624K, 31% used [0x0000000081200000,0x00000000840f5548,0x000000008a900000)
 Metaspace       used 64612K, capacity 68062K, committed 68352K, reserved 1107968K
  class space    used 8576K, capacity 9150K, committed 9216K, reserved 1048576K
}

