# JRE version: Java(TM) SE Runtime Environment (8.0_131-b11) (build 1.8.0_131-b11)
# Java VM: Java HotSpot(TM) 64-Bit Server VM (25.131-b11 mixed mode windows-amd64 compressed oops)
Heap:
 PSYoungGen      total 630272K, used 221988K [0x0000000715900000, 0x000000073e580000, 0x00000007c0000000)
  eden space 614912K, 36% used [0x0000000715900000,0x00000007231c9150,0x000000073b180000)
  from space 15360K, 0% used [0x000000073b300000,0x000000073b300000,0x000000073c200000)
  to   space 26624K, 0% used [0x000000073cb80000,0x000000073cb80000,0x000000073e580000)
 ParOldGen       total 456192K, used 53311K [0x00000005c0a00000, 0x00000005dc780000, 0x0000000715900000)
  object space 456192K, 11% used [0x00000005c0a00000,0x00000005c3e0fd58,0x00000005dc780000)
 Metaspace       used 72625K, capacity 76498K, committed 76544K, reserved 1116160K
  class space    used 9574K, capacity 10198K, committed 10240K, reserved 1048576K
GC Heap History (10 events):
Event: 10.913 GC heap before
{Heap before GC invocations=13 (full 3):
 PSYoungGen      total 549376K, used 23032K [0x0000000715900000, 0x0000000739a80000, 0x00000007c0000000)
  eden space 526336K, 0% used [0x0000000715900000,0x0000000715900000,0x0000000735b00000)
  from space 23040K, 99% used [0x0000000737600000,0x0000000738c7e140,0x0000000738c80000)
  to   space 27648K, 0% used [0x0000000735b00000,0x0000000735b00000,0x0000000737600000)
 ParOldGen       total 315904K, used 32308K [0x00000005c0a00000, 0x00000005d3e80000, 0x0000000715900000)
  object space 315904K, 10% used [0x00000005c0a00000,0x00000005c298d2a8,0x00000005d3e80000)
 Metaspace       used 56305K, capacity 59090K, committed 59136K, reserved 1099776K
  class space    used 7383K, capacity 7910K, committed 7936K, reserved 1048576K
Event: 11.111 GC heap after
Heap after GC invocations=13 (full 3):
 PSYoungGen      total 549376K, used 0K [0x0000000715900000, 0x0000000739a80000, 0x00000007c0000000)
  eden space 526336K, 0% used [0x0000000715900000,0x0000000715900000,0x0000000735b00000)
  from space 23040K, 0% used [0x0000000737600000,0x0000000737600000,0x0000000738c80000)
  to   space 27648K, 0% used [0x0000000735b00000,0x0000000735b00000,0x0000000737600000)
 ParOldGen       total 456192K, used 49662K [0x00000005c0a00000, 0x00000005dc780000, 0x0000000715900000)
  object space 456192K, 10% used [0x00000005c0a00000,0x00000005c3a7f858,0x00000005dc780000)
 Metaspace       used 56272K, capacity 59036K, committed 59136K, reserved 1099776K
  class space    used 7378K, capacity 7901K, committed 7936K, reserved 1048576K
}
Event: 12.263 GC heap before
{Heap before GC invocations=14 (full 3):
 PSYoungGen      total 549376K, used 526336K [0x0000000715900000, 0x0000000739a80000, 0x00000007c0000000)
  eden space 526336K, 100% used [0x0000000715900000,0x0000000735b00000,0x0000000735b00000)
  from space 23040K, 0% used [0x0000000737600000,0x0000000737600000,0x0000000738c80000)
  to   space 27648K, 0% used [0x0000000735b00000,0x0000000735b00000,0x0000000737600000)
 ParOldGen       total 456192K, used 49662K [0x00000005c0a00000, 0x00000005dc780000, 0x0000000715900000)
  object space 456192K, 10% used [0x00000005c0a00000,0x00000005c3a7f858,0x00000005dc780000)
 Metaspace       used 57226K, capacity 60064K, committed 60288K, reserved 1101824K
  class space    used 7545K, capacity 8041K, committed 8064K, reserved 1048576K
Event: 12.267 GC heap after
Heap after GC invocations=14 (full 3):
 PSYoungGen      total 553984K, used 1920K [0x0000000715900000, 0x000000073f600000, 0x00000007c0000000)
  eden space 526336K, 0% used [0x0000000715900000,0x0000000715900000,0x0000000735b00000)
  from space 27648K, 6% used [0x0000000735b00000,0x0000000735ce0000,0x0000000737600000)
  to   space 28672K, 0% used [0x000000073da00000,0x000000073da00000,0x000000073f600000)
 ParOldGen       total 456192K, used 49670K [0x00000005c0a00000, 0x00000005dc780000, 0x0000000715900000)
  object space 456192K, 10% used [0x00000005c0a00000,0x00000005c3a81858,0x00000005dc780000)
 Metaspace       used 57226K, capacity 60064K, committed 60288K, reserved 1101824K
  class space    used 7545K, capacity 8041K, committed 8064K, reserved 1048576K
}
Event: 16.015 GC heap before
{Heap before GC invocations=15 (full 3):
 PSYoungGen      total 553984K, used 528256K [0x0000000715900000, 0x000000073f600000, 0x00000007c0000000)
  eden space 526336K, 100% used [0x0000000715900000,0x0000000735b00000,0x0000000735b00000)
  from space 27648K, 6% used [0x0000000735b00000,0x0000000735ce0000,0x0000000737600000)
  to   space 28672K, 0% used [0x000000073da00000,0x000000073da00000,0x000000073f600000)
 ParOldGen       total 456192K, used 49670K [0x00000005c0a00000, 0x00000005dc780000, 0x0000000715900000)
  object space 456192K, 10% used [0x00000005c0a00000,0x00000005c3a81858,0x00000005dc780000)
 Metaspace       used 68613K, capacity 72186K, committed 72576K, reserved 1112064K
  class space    used 9112K, capacity 9730K, committed 9856K, reserved 1048576K
Event: 16.028 GC heap after
Heap after GC invocations=15 (full 3):
 PSYoungGen      total 631296K, used 16178K [0x0000000715900000, 0x000000073ea00000, 0x00000007c0000000)
  eden space 614912K, 0% used [0x0000000715900000,0x0000000715900000,0x000000073b180000)
  from space 16384K, 98% used [0x000000073da00000,0x000000073e9cc8c8,0x000000073ea00000)
  to   space 28160K, 0% used [0x000000073b300000,0x000000073b300000,0x000000073ce80000)
 ParOldGen       total 456192K, used 49678K [0x00000005c0a00000, 0x00000005dc780000, 0x0000000715900000)
  object space 456192K, 10% used [0x00000005c0a00000,0x00000005c3a83858,0x00000005dc780000)
 Metaspace       used 68613K, capacity 72186K, committed 72576K, reserved 1112064K
  class space    used 9112K, capacity 9730K, committed 9856K, reserved 1048576K
}
Event: 130.018 GC heap before
{Heap before GC invocations=16 (full 3):
 PSYoungGen      total 631296K, used 357358K [0x0000000715900000, 0x000000073ea00000, 0x00000007c0000000)
  eden space 614912K, 55% used [0x0000000715900000,0x000000072a62eff8,0x000000073b180000)
  from space 16384K, 98% used [0x000000073da00000,0x000000073e9cc8c8,0x000000073ea00000)
  to   space 28160K, 0% used [0x000000073b300000,0x000000073b300000,0x000000073ce80000)
 ParOldGen       total 456192K, used 49678K [0x00000005c0a00000, 0x00000005dc780000, 0x0000000715900000)
  object space 456192K, 10% used [0x00000005c0a00000,0x00000005c3a83858,0x00000005dc780000)
 Metaspace       used 72385K, capacity 76162K, committed 76288K, reserved 1116160K
  class space    used 9536K, capacity 10175K, committed 10240K, reserved 1048576K
Event: 130.064 GC heap after
Heap after GC invocations=16 (full 3):
 PSYoungGen      total 630272K, used 15024K [0x0000000715900000, 0x000000073e580000, 0x00000007c0000000)
  eden space 614912K, 0% used [0x0000000715900000,0x0000000715900000,0x000000073b180000)
  from space 15360K, 97% used [0x000000073b300000,0x000000073c1ac288,0x000000073c200000)
  to   space 26624K, 0% used [0x000000073cb80000,0x000000073cb80000,0x000000073e580000)
 ParOldGen       total 456192K, used 49686K [0x00000005c0a00000, 0x00000005dc780000, 0x0000000715900000)
  object space 456192K, 10% used [0x00000005c0a00000,0x00000005c3a85858,0x00000005dc780000)
 Metaspace       used 72385K, capacity 76162K, committed 76288K, reserved 1116160K
  class space    used 9536K, capacity 10175K, committed 10240K, reserved 1048576K
}
Event: 130.064 GC heap before
{Heap before GC invocations=17 (full 4):
 PSYoungGen      total 630272K, used 15024K [0x0000000715900000, 0x000000073e580000, 0x00000007c0000000)
  eden space 614912K, 0% used [0x0000000715900000,0x0000000715900000,0x000000073b180000)
  from space 15360K, 97% used [0x000000073b300000,0x000000073c1ac288,0x000000073c200000)
  to   space 26624K, 0% used [0x000000073cb80000,0x000000073cb80000,0x000000073e580000)
 ParOldGen       total 456192K, used 49686K [0x00000005c0a00000, 0x00000005dc780000, 0x0000000715900000)
  object space 456192K, 10% used [0x00000005c0a00000,0x00000005c3a85858,0x00000005dc780000)
 Metaspace       used 72385K, capacity 76162K, committed 76288K, reserved 1116160K
  class space    used 9536K, capacity 10175K, committed 10240K, reserved 1048576K
Event: 131.160 GC heap after
Heap after GC invocations=17 (full 4):
 PSYoungGen      total 630272K, used 0K [0x0000000715900000, 0x000000073e580000, 0x00000007c0000000)
  eden space 614912K, 0% used [0x0000000715900000,0x0000000715900000,0x000000073b180000)
  from space 15360K, 0% used [0x000000073b300000,0x000000073b300000,0x000000073c200000)
  to   space 26624K, 0% used [0x000000073cb80000,0x000000073cb80000,0x000000073e580000)
 ParOldGen       total 456192K, used 53311K [0x00000005c0a00000, 0x00000005dc780000, 0x0000000715900000)
  object space 456192K, 11% used [0x00000005c0a00000,0x00000005c3e0fd58,0x00000005dc780000)
 Metaspace       used 72383K, capacity 76156K, committed 76288K, reserved 1116160K
  class space    used 9536K, capacity 10174K, committed 10240K, reserved 1048576K
}

